#
# A fatal error has been detected by the Java Runtime Environment:
#
#  EXCEPTION_ACCESS_VIOLATION (0xc0000005) at pc=0x00007ffc3e0dfb22, pid=7892, tid=8840
#
# JRE version: Java(TM) SE Runtime Environment (23.0.1+11) (build 23.0.1+11-39)
# Java VM: Java HotSpot(TM) 64-Bit Server VM (23.0.1+11-39, mixed mode, sharing, tiered, compressed oops, compressed class ptrs, g1 gc, windows-amd64)
# Problematic frame:
# V  [jvm.dll+0x44fb22]
#
# No core dump will be written. Minidumps are not enabled by default on client versions of Windows
#
# If you would like to submit a bug report, please visit:
#   https://bugreport.java.com/bugreport/crash.jsp
#

---------------  S U M M A R Y ------------

Command Line: --add-exports=com.sun.xml.ws/com.sun.xml.ws.assembler=ALL-UNNAMED .\out\artifacts\JavaEloadasBeadando_jar\JavaEloadasBeadando.jar

Host: AMD Ryzen 5 5625U with Radeon Graphics         , 12 cores, 15G,  Windows 11 , 64 bit Build 22621 (10.0.22621.4391)
Time: Sun Dec  1 16:42:00 2024 Central Europe Standard Time elapsed time: 0.669526 seconds (0d 0h 0m 0s)

---------------  T H R E A D  ---------------

Current thread (0x00000193d4b56c50):  JavaThread "WindowsNativeRunloopThread"        [_thread_in_vm, id=8840, stack(0x000000796c300000,0x000000796c400000) (1024K)]

Stack: [0x000000796c300000,0x000000796c400000],  sp=0x000000796c3fee60,  free space=1019k
Native frames: (J=compiled Java code, j=interpreted, Vv=VM code, C=native code)
V  [jvm.dll+0x44fb22]  (no source info available)
C  [glass.dll+0x50cc]  (no source info available)
C  [glass.dll+0xa7c6]  (no source info available)
C  0x000001938753d207  (no source info available)

The last pc belongs to native method entry point (kind = native) (printed below).
Java frames: (J=compiled Java code, j=interpreted, Vv=VM code)
j  com.sun.glass.ui.win.WinApplication._runLoop(Ljava/lang/Runnable;)V+0
j  com.sun.glass.ui.win.WinApplication.lambda$runLoop$3(ILjava/lang/Runnable;)V+8
j  com.sun.glass.ui.win.WinApplication$$Lambda+0x0000019390030dd8.run()V+12
j  java.lang.Thread.runWith(Ljava/lang/Object;Ljava/lang/Runnable;)V+5 java.base@23.0.1
j  java.lang.Thread.run()V+19 java.base@23.0.1
v  ~StubRoutines::call_stub 0x0000019387530fcd

siginfo: EXCEPTION_ACCESS_VIOLATION (0xc0000005), reading address 0x0000000000000000


Registers:
RAX=0x0000000000000000, RBX=0x00000193d4b56c50, RCX=0x00000193d4b57010, RDX=0x000000796c3ff048
RSP=0x000000796c3fee60, RBP=0x000000796c3fef68, RSI=0x0000000000000000, RDI=0x00000193d4b57010
R8 =0x0000000000000000, R9 =0x000000796c3fef68, R10=0x0000000000000000, R11=0x0000000000000246
R12=0x0000000000000000, R13=0x00000193d04f97d8, R14=0x000000796c3ff048, R15=0x00000193d4b56c50
RIP=0x00007ffc3e0dfb22, EFLAGS=0x0000000000010246


Register to memory mapping:

RAX=0x0 is null
RBX=0x00000193d4b56c50 is a thread
RCX=0x00000193d4b57010 points into unknown readable memory: 0x00007ffc3e875e00 | 00 5e 87 3e fc 7f 00 00
RDX=0x000000796c3ff048 is pointing into the stack for thread: 0x00000193d4b56c50
RSP=0x000000796c3fee60 is pointing into the stack for thread: 0x00000193d4b56c50
RBP=0x000000796c3fef68 is pointing into the stack for thread: 0x00000193d4b56c50
RSI=0x0 is null
RDI=0x00000193d4b57010 points into unknown readable memory: 0x00007ffc3e875e00 | 00 5e 87 3e fc 7f 00 00
R8 =0x0 is null
R9 =0x000000796c3fef68 is pointing into the stack for thread: 0x00000193d4b56c50
R10=0x0 is null
R11=0x0000000000000246 is an unknown value
R12=0x0 is null
R13={method} {0x00000193d04f97e0} '_runLoop' '(Ljava/lang/Runnable;)V' in 'com/sun/glass/ui/win/WinApplication'
R14=0x000000796c3ff048 is pointing into the stack for thread: 0x00000193d4b56c50
R15=0x00000193d4b56c50 is a thread

Top of Stack: (sp=0x000000796c3fee60)
0x000000796c3fee60:   000000796c3fee70 0000000000000001
0x000000796c3fee70:   0000000000000000 000000796c3fee88
0x000000796c3fee80:   000054d4e514a322 0000000000320030
0x000000796c3fee90:   00007ffcdf391f00 00007ffcdcd69ca1
0x000000796c3feea0:   000000796c3fef58 0000000000000000
0x000000796c3feeb0:   00000193d4b56c50 0000000000000000
0x000000796c3feec0:   0000000000000000 00007ffcdf3b72f0
0x000000796c3feed0:   00000193d4b634c0 00007ffcdda9674f
0x000000796c3feee0:   0000000000180016 00007ffcdf391e58
0x000000796c3feef0:   000000796c3feee0 0000000000000000
0x000000796c3fef00:   00000193d4b56c50 000000796c3ff050
0x000000796c3fef10:   00000193d4b57010 00007ffcc0b550cc
0x000000796c3fef20:   0000000000000000 000000796c3ff028
0x000000796c3fef30:   000000796c3ff048 00000193d4b57010
0x000000796c3fef40:   000000796c3ff048 00007ffcc0b5a7c6
0x000000796c3fef50:   00000193d04f97d8 0000019300000000
0x000000796c3fef60:   0000000000000000 0000000000000000
0x000000796c3fef70:   00000193875387f6 000001938753d078
0x000000796c3fef80:   00000193d04f97d8 00000193d04f97d8
0x000000796c3fef90:   00000193d04f97d8 000000796c3ff050
0x000000796c3fefa0:   00000193875387f6 000001938753d207
0x000000796c3fefb0:   00000193d04f97d8 000000796c3ff580
0x000000796c3fefc0:   3ff0000000000000 00000193d4b56c50
0x000000796c3fefd0:   000000796c3ff580 000001938753ce9b
0x000000796c3fefe0:   fffffffffffffff7 00000193d04f97d8
0x000000796c3feff0:   0000000000000005 00000193d0521508
0x000000796c3ff000:   0000000000000000 00000007184a56a0
0x000000796c3ff010:   00000193d04f97d8 0000000000000000
0x000000796c3ff020:   000000796c3ff048 000000796c3ff0a0
0x000000796c3ff030:   0000019387538700 0000000000000000
0x000000796c3ff040:   000001938753a5d7 0000000718519ee8
0x000000796c3ff050:   0000000718513368 fffffffffffffff7 

Instructions: (pc=0x00007ffc3e0dfb22)
0x00007ffc3e0dfa22:   ff 48 8b 4b 08 48 8b 43 10 48 89 41 10 48 8b 4b
0x00007ffc3e0dfa32:   08 48 8b 43 18 48 89 41 18 48 8b 4b 08 48 8b 43
0x00007ffc3e0dfa42:   20 48 89 41 20 48 8d 8f a0 03 00 00 e8 dd 5b ec
0x00007ffc3e0dfa52:   ff 90 c7 87 44 04 00 00 04 00 00 00 48 81 c4 b8
0x00007ffc3e0dfa62:   00 00 00 41 5f 41 5e 5f 5e 5d 5b c3 cc cc 48 89
0x00007ffc3e0dfa72:   5c 24 08 48 89 6c 24 10 48 89 74 24 18 57 41 56
0x00007ffc3e0dfa82:   41 57 48 81 ec a0 00 00 00 8b 81 a8 00 00 00 48
0x00007ffc3e0dfa92:   8d 99 40 fc ff ff 05 53 21 ff ff 49 8b e9 49 8b
0x00007ffc3e0dfaa2:   f0 4c 8b f2 48 8b f9 83 f8 01 77 08 48 8b cb e8
0x00007ffc3e0dfab2:   da ac f9 ff 80 3d d7 b1 7f 00 00 c7 83 44 04 00
0x00007ffc3e0dfac2:   00 06 00 00 00 75 06 e8 e2 08 28 00 90 48 8b 83
0x00007ffc3e0dfad2:   48 04 00 00 a8 01 74 0d 45 33 c0 b2 01 48 8b cb
0x00007ffc3e0dfae2:   e8 f9 34 2f 00 8b 83 40 04 00 00 a8 0c 74 08 48
0x00007ffc3e0dfaf2:   8b cb e8 77 c3 f9 ff c7 83 44 04 00 00 06 00 00
0x00007ffc3e0dfb02:   00 48 83 7b 08 00 48 89 5c 24 50 48 c7 44 24 58
0x00007ffc3e0dfb12:   00 00 00 00 74 0a 48 8d 4c 24 50 e8 3e dd 2b 00
0x00007ffc3e0dfb22:   48 8b 16 48 8d 4c 24 70 c6 44 24 40 0e e8 dc 4f
0x00007ffc3e0dfb32:   00 00 48 8d 44 24 70 48 89 5c 24 30 48 89 44 24
0x00007ffc3e0dfb42:   28 4c 8d 3d e6 4a 5c 00 41 b9 01 00 00 00 48 89
0x00007ffc3e0dfb52:   74 24 20 4d 8b c6 4c 89 7c 24 70 48 8d 54 24 40
0x00007ffc3e0dfb62:   48 89 ac 24 98 00 00 00 48 8b cf e8 ae 5d 00 00
0x00007ffc3e0dfb72:   48 83 7c 24 58 00 4c 89 7c 24 70 48 c7 84 24 98
0x00007ffc3e0dfb82:   00 00 00 00 00 00 00 74 0a 48 8d 4c 24 50 e8 4b
0x00007ffc3e0dfb92:   dd 2b 00 48 8b bb 98 01 00 00 48 8b 47 10 48 83
0x00007ffc3e0dfba2:   38 00 74 08 48 8b cf e8 b2 38 f5 ff 48 8b 4f 08
0x00007ffc3e0dfbb2:   48 8b 47 10 48 89 41 10 48 8b 4f 08 48 8b 47 18
0x00007ffc3e0dfbc2:   48 89 41 18 48 8b 4f 08 48 8b 47 20 48 89 41 20
0x00007ffc3e0dfbd2:   48 8d 8b a0 03 00 00 e8 52 5a ec ff 4c 8d 9c 24
0x00007ffc3e0dfbe2:   a0 00 00 00 90 49 8b 6b 28 49 8b 73 30 c7 83 44
0x00007ffc3e0dfbf2:   04 00 00 04 00 00 00 49 8b 5b 20 49 8b e3 41 5f
0x00007ffc3e0dfc02:   41 5e 5f c3 cc cc cc cc cc cc cc cc cc cc 48 89
0x00007ffc3e0dfc12:   5c 24 08 48 89 6c 24 10 48 89 74 24 18 48 89 7c 


Stack slot to memory mapping:

stack at sp + 0 slots: 0x000000796c3fee70 is pointing into the stack for thread: 0x00000193d4b56c50
stack at sp + 1 slots: 0x0000000000000001 is an unknown value
stack at sp + 2 slots: 0x0 is null
stack at sp + 3 slots: 0x000000796c3fee88 is pointing into the stack for thread: 0x00000193d4b56c50
stack at sp + 4 slots: 0x000054d4e514a322 is an unknown value
stack at sp + 5 slots: 0x0000000000320030 is an unknown value
stack at sp + 6 slots: 0x00007ffcdf391f00 ole32.dll
stack at sp + 7 slots: 0x00007ffcdcd69ca1 KERNELBASE.dll

Lock stack of current Java thread (top to bottom):

native method entry point (kind = native)  [0x000001938753cde0, 0x000001938753d938]  2904 bytes
[MachCode]
  0x000001938753cde0: 488b 4b08 | 0fb7 492e | 584c 8d74 | ccf8 6800 | 0000 0068 | 0000 0000 | 5055 488b | ec41 5568 
  0x000001938753ce00: 0000 0000 | 4c8b 6b08 | 4d8d 6d38 | 5348 8b53 | 0848 8b52 | 0848 8b52 | 1848 8b52 | 7048 8b12 
  0x000001938753ce20: 5248 8b53 | 1048 85d2 | 0f84 0700 | 0000 4881 | c210 0100 | 0052 488b | 5308 488b | 5208 488b 
  0x000001938753ce40: 5210 5249 | 8bc6 482b | c548 c1e8 | 0350 6800 | 0000 0068 | f7ff ffff | 41c6 8771 | 0400 0001 
  0x000001938753ce60: 488b 4310 | 4885 c074 | 208b 88cc | 0000 0083 | c102 8988 | cc00 0000 | 2388 e000 | 0000 0f84 
  0x000001938753ce80: 000a 0000 | e9cf 0000 | 0048 8b43 | 1848 85c0 | 0f85 b000 | 0000 e805 | 0000 00e9 | 9900 0000 
  0x000001938753cea0: 488b d348 | 8d44 2408 | 4c89 6dc0 | 498b cfc5 | f877 4989 | afb0 0300 | 0049 8987 | a003 0000 
  0x000001938753cec0: 4883 ec20 | 40f6 c40f | 0f84 1900 | 0000 4883 | ec08 48b8 | 9026 063e | fc7f 0000 | ffd0 4883 
  0x000001938753cee0: c408 e90c | 0000 0048 | b890 2606 | 3efc 7f00 | 00ff d048 | 83c4 2049 | c787 a003 | 0000 0000 
  0x000001938753cf00: 0000 49c7 | 87b0 0300 | 0000 0000 | 0049 c787 | a803 0000 | 0000 0000 | c5f8 7749 | 837f 0800 
  0x000001938753cf20: 0f84 0500 | 0000 e995 | 3fff ff4c | 8b6d c04c | 8b75 c84e | 8d74 f500 | c348 8b43 | 1848 85c0 
  0x000001938753cf40: 0f84 1200 | 0000 8b48 | 0883 c102 | 8948 0823 | 481c 0f84 | 2c09 0000 | 493b a7e8 | 0400 000f 
  0x000001938753cf60: 8748 0000 | 0089 8424 | 00f0 ffff | 8984 2400 | e0ff ff89 | 8424 00d0 | ffff 8984 | 2400 c0ff 
  0x000001938753cf80: ff89 8424 | 00b0 ffff | 8984 2400 | a0ff ff89 | 8424 0090 | ffff 8984 | 2400 80ff | ff49 3ba7 
  0x000001938753cfa0: e004 0000 | 7607 4989 | a7e8 0400 | 0041 c687 | 7104 0000 | 0049 ba41 | ad8d 3efc | 7f00 0041 
  0x000001938753cfc0: 803a 000f | 843e 0000 | 0048 8b55 | e849 8bcf | 4883 ec20 | 40f6 c40f | 0f84 1900 | 0000 4883 
  0x000001938753cfe0: ec08 48b8 | 10ee 3d3e | fc7f 0000 | ffd0 4883 | c408 e90c | 0000 0048 | b810 ee3d | 3efc 7f00 
  0x000001938753d000: 00ff d048 | 83c4 2048 | 8b5d e84c | 8b5b 0845 | 0fb7 5b2e | 41c1 e303 | 492b e348 | 83ec 2048 
  0x000001938753d020: 83e4 f04c | 8b5b 604d | 85db 0f85 | ab00 0000 | e805 0000 | 00e9 9900 | 0000 488b | d348 8d44 
  0x000001938753d040: 2408 4c89 | 6dc0 498b | cfc5 f877 | 4989 afb0 | 0300 0049 | 8987 a003 | 0000 4883 | ec20 40f6 
  0x000001938753d060: c40f 0f84 | 1900 0000 | 4883 ec08 | 48b8 f04d | 063e fc7f | 0000 ffd0 | 4883 c408 | e90c 0000 
  0x000001938753d080: 0048 b8f0 | 4d06 3efc | 7f00 00ff | d048 83c4 | 2049 c787 | a003 0000 | 0000 0000 | 49c7 87b0 
  0x000001938753d0a0: 0300 0000 | 0000 0049 | c787 a803 | 0000 0000 | 0000 c5f8 | 7749 837f | 0800 0f84 | 0500 0000 
  0x000001938753d0c0: e9fb 3dff | ff4c 8b6d | c04c 8b75 | c84e 8d74 | f500 c348 | 8b5d e84c | 8b5b 6041 | ffd3 488b 
  0x000001938753d0e0: 5de8 4889 | 4518 448b | 5b28 41f6 | c308 0f84 | 1b00 0000 | 4c8b 5b08 | 4d8b 5b08 | 4d8b 5b18 
  0x000001938753d100: 4d8b 5b70 | 4d8b 1b4c | 895d 1048 | 8d55 1048 | 8b43 5849 | ba60 3c3e | 3efc 7f00 | 0049 3bc2 
  0x000001938753d120: 0f85 ab00 | 0000 e805 | 0000 00e9 | 9900 0000 | 488b d348 | 8d44 2408 | 4c89 6dc0 | 498b cfc5 
  0x000001938753d140: f877 4989 | afb0 0300 | 0049 8987 | a003 0000 | 4883 ec20 | 40f6 c40f | 0f84 1900 | 0000 4883 
  0x000001938753d160: ec08 48b8 | f04d 063e | fc7f 0000 | ffd0 4883 | c408 e90c | 0000 0048 | b8f0 4d06 | 3efc 7f00 
  0x000001938753d180: 00ff d048 | 83c4 2049 | c787 a003 | 0000 0000 | 0000 49c7 | 87b0 0300 | 0000 0000 | 0049 c787 
  0x000001938753d1a0: a803 0000 | 0000 0000 | c5f8 7749 | 837f 0800 | 0f84 0500 | 0000 e905 | 3dff ff4c | 8b6d c04c 
  0x000001938753d1c0: 8b75 c84e | 8d74 f500 | c348 8b5d | e848 8b43 | 5849 8d8f | c003 0000 | c5f8 7749 | 89af b003 
  0x000001938753d1e0: 0000 49ba | d8d1 5387 | 9301 0000 | 4d89 97a8 | 0300 0049 | 89a7 a003 | 0000 41c7 | 8744 0400 
  0x000001938753d200: 0004 0000 | 00ff d0c5 | f877 4883 | ec10 c5fb | 1104 2448 | 83ec 1048 | 8904 2448 | c744 2408 
  0x000001938753d220: 0000 0000 | 41c7 8744 | 0400 0005 | 0000 00f0 | 8344 24c0 | 0049 3baf | 4804 0000 | 0f87 0e00 
  0x000001938753d240: 0000 4183 | bf40 0400 | 0000 0f84 | 2000 0000 | 498b cf4c | 8be4 4883 | ec20 4883 | e4f0 48b8 
  0x000001938753d260: 90a9 073e | fc7f 0000 | ffd0 498b | e44d 33e4 | 41c7 8744 | 0400 0008 | 0000 0049 | c787 a003 
  0x000001938753d280: 0000 0000 | 0000 49c7 | 87b0 0300 | 0000 0000 | 0049 c787 | a803 0000 | 0000 0000 | c5f8 774d 
  0x000001938753d2a0: 8b9f 3004 | 0000 41c7 | 8300 0100 | 0000 0000 | 0049 bbda | a553 8793 | 0100 004c | 3b5d 180f 
  0x000001938753d2c0: 8524 0200 | 0048 8b04 | 2448 83c4 | 1048 85c0 | 0f84 fe01 | 0000 a803 | 0f85 0800 | 0000 488b 
  0x000001938753d2e0: 00e9 ee01 | 0000 a801 | 0f85 0900 | 0000 488b | 40fe e9dd | 0100 0048 | 8b40 ff41 | 807f 3800 
  0x000001938753d300: 0f84 ce01 | 0000 4883 | f800 0f84 | c401 0000 | 4d8b 5f28 | 4983 fb00 | 0f84 1400 | 0000 4983 
  0x000001938753d320: eb08 4d89 | 5f28 4d03 | 5f30 4989 | 03e9 a201 | 0000 4881 | ecd0 0000 | 0048 8904 | 2448 894c 
  0x000001938753d340: 2408 4889 | 5424 1048 | 8974 2418 | 4889 7c24 | 204c 8944 | 2428 4c89 | 4c24 304c | 8954 2438 
  0x000001938753d360: 4c89 5c24 | 40c5 fb11 | 4424 50c5 | fb11 4c24 | 58c5 fb11 | 5424 60c5 | fb11 5c24 | 68c5 fb11 
  0x000001938753d380: 6424 70c5 | fb11 6c24 | 78c5 fb11 | b424 8000 | 0000 c5fb | 11bc 2488 | 0000 00c5 | 7b11 8424 
  0x000001938753d3a0: 9000 0000 | c57b 118c | 2498 0000 | 00c5 7b11 | 9424 a000 | 0000 c57b | 119c 24a8 | 0000 00c5 
  0x000001938753d3c0: 7b11 a424 | b000 0000 | c57b 11ac | 24b8 0000 | 00c5 7b11 | b424 c000 | 0000 c57b | 11bc 24c8 
  0x000001938753d3e0: 0000 0049 | 8bd7 488b | c848 83ec | 2040 f6c4 | 0f0f 8419 | 0000 0048 | 83ec 0848 | b8e0 07fb 
  0x000001938753d400: 3dfc 7f00 | 00ff d048 | 83c4 08e9 | 0c00 0000 | 48b8 e007 | fb3d fc7f | 0000 ffd0 | 4883 c420 
  0x000001938753d420: c57b 10bc | 24c8 0000 | 00c5 7b10 | b424 c000 | 0000 c57b | 10ac 24b8 | 0000 00c5 | 7b10 a424 
  0x000001938753d440: b000 0000 | c57b 109c | 24a8 0000 | 00c5 7b10 | 9424 a000 | 0000 c57b | 108c 2498 | 0000 00c5 
  0x000001938753d460: 7b10 8424 | 9000 0000 | c5fb 10bc | 2488 0000 | 00c5 fb10 | b424 8000 | 0000 c5fb | 106c 2478 
  0x000001938753d480: c5fb 1064 | 2470 c5fb | 105c 2468 | c5fb 1054 | 2460 c5fb | 104c 2458 | c5fb 1044 | 2450 4c8b 
  0x000001938753d4a0: 5c24 404c | 8b54 2438 | 4c8b 4c24 | 304c 8b44 | 2428 488b | 7c24 2048 | 8b74 2418 | 488b 5424 
  0x000001938753d4c0: 1048 8b4c | 2408 488b | 0424 4881 | c4d0 0000 | 00c5 f877 | 4889 4510 | 4883 ec10 | 4889 0424 
  0x000001938753d4e0: 48c7 4424 | 0800 0000 | 0041 83bf | c804 0000 | 020f 85bf | 0000 0048 | 81ec 8000 | 0000 4889 
  0x000001938753d500: 4424 7848 | 894c 2470 | 4889 5424 | 6848 895c | 2460 4889 | 6c24 5048 | 8974 2448 | 4889 7c24 
  0x000001938753d520: 404c 8944 | 2438 4c89 | 4c24 304c | 8954 2428 | 4c89 5c24 | 204c 8964 | 2418 4c89 | 6c24 104c 
  0x000001938753d540: 8974 2408 | 4c89 3c24 | 4c8b e448 | 83ec 2048 | 83e4 f048 | b8c0 223e | 3efc 7f00 | 00ff d049 
  0x000001938753d560: 8be4 4c8b | 3c24 4c8b | 7424 084c | 8b6c 2410 | 4c8b 6424 | 184c 8b5c | 2420 4c8b | 5424 284c 
  0x000001938753d580: 8b4c 2430 | 4c8b 4424 | 3848 8b7c | 2440 488b | 7424 4848 | 8b6c 2450 | 488b 5c24 | 6048 8b54 
  0x000001938753d5a0: 2468 488b | 4c24 7048 | 8b44 2478 | 4881 c480 | 0000 004d | 33e4 488b | 5de8 4c8b | 6b08 4d8d 
  0x000001938753d5c0: 6d38 4983 | 7f08 000f | 84bb 0000 | 00e8 0500 | 0000 e996 | 0000 0048 | 8d44 2408 | 4c89 6dc0 
  0x000001938753d5e0: 498b cfc5 | f877 4989 | afb0 0300 | 0049 8987 | a003 0000 | 4883 ec20 | 40f6 c40f | 0f84 1900 
  0x000001938753d600: 0000 4883 | ec08 48b8 | 006c 063e | fc7f 0000 | ffd0 4883 | c408 e90c | 0000 0048 | b800 6c06 
  0x000001938753d620: 3efc 7f00 | 00ff d048 | 83c4 2049 | c787 a003 | 0000 0000 | 0000 49c7 | 87b0 0300 | 0000 0000 
  0x000001938753d640: 0049 c787 | a803 0000 | 0000 0000 | c5f8 7749 | 837f 0800 | 0f84 0500 | 0000 e961 | 38ff ff4c 
  0x000001938753d660: 8b6d c04c | 8b75 c84e | 8d74 f500 | c348 b940 | d565 3efc | 7f00 0048 | 83e4 f048 | b870 4a2c 
  0x000001938753d680: 3efc 7f00 | 00ff d0f4 | 448b 5b28 | 41f6 c320 | 0f84 7901 | 0000 488d | 55a8 4c8b | 5a08 4d85 
  0x000001938753d6a0: db0f 85bb | 0000 00e8 | 0500 0000 | e996 0000 | 0048 8d44 | 2408 4c89 | 6dc0 498b | cfc5 f877 
  0x000001938753d6c0: 4989 afb0 | 0300 0049 | 8987 a003 | 0000 4883 | ec20 40f6 | c40f 0f84 | 1900 0000 | 4883 ec08 
  0x000001938753d6e0: 48b8 306b | 063e fc7f | 0000 ffd0 | 4883 c408 | e90c 0000 | 0048 b830 | 6b06 3efc | 7f00 00ff 
  0x000001938753d700: d048 83c4 | 2049 c787 | a003 0000 | 0000 0000 | 49c7 87b0 | 0300 0000 | 0000 0049 | c787 a803 
  0x000001938753d720: 0000 0000 | 0000 c5f8 | 7749 837f | 0800 0f84 | 0500 0000 | e987 37ff | ff4c 8b6d | c04c 8b75 
  0x000001938753d740: c84e 8d74 | f500 c348 | b940 d565 | 3efc 7f00 | 0048 83e4 | f048 b870 | 4a2c 3efc | 7f00 00ff 
  0x000001938753d760: d0f4 4c89 | 6dc0 4c8b | 4a08 48c7 | 4208 0000 | 0000 458b | 8718 0600 | 004f 3b4c | 07f8 0f85 
  0x000001938753d780: 4900 0000 | 4183 af18 | 0600 0008 | 4f3b 4c07 | f00f 842a | 0000 0049 | 8b01 a802 | 0f85 1200 
  0x000001938753d7a0: 0000 4c8b | c049 83c8 | 01f0 4d0f | b101 0f84 | 0d00 0000 | 4183 8718 | 0600 0008 | e90c 0000 
  0x000001938753d7c0: 0049 ff8f | 5005 0000 | e93e 0000 | 004c 894a | 0848 8bca | 4883 ec20 | 40f6 c40f | 0f84 1900 
  0x000001938753d7e0: 0000 4883 | ec08 48b8 | f03d 063e | fc7f 0000 | ffd0 4883 | c408 e90c | 0000 0048 | b8f0 3d06 
  0x000001938753d800: 3efc 7f00 | 00ff d048 | 83c4 204c | 8b6d c049 | ba41 ad8d | 3efc 7f00 | 0041 803a | 000f 843e 
  0x000001938753d820: 0000 0048 | 8b55 e849 | 8bcf 4883 | ec20 40f6 | c40f 0f84 | 1900 0000 | 4883 ec08 | 48b8 10ee 
  0x000001938753d840: 3d3e fc7f | 0000 ffd0 | 4883 c408 | e90c 0000 | 0048 b810 | ee3d 3efc | 7f00 00ff | d048 83c4 
  0x000001938753d860: 2048 8b04 | 2448 83c4 | 10c5 fb10 | 0424 4883 | c410 4c8b | 5d18 41ff | d34c 8b5d | f8c9 5f49 
  0x000001938753d880: 8be3 ffe7 | ba00 0000 | 00e8 0500 | 0000 e996 | 0000 0048 | 8d44 2408 | 4c89 6dc0 | 498b cfc5 
  0x000001938753d8a0: f877 4989 | afb0 0300 | 0049 8987 | a003 0000 | 4883 ec20 | 40f6 c40f | 0f84 1900 | 0000 4883 
  0x000001938753d8c0: ec08 48b8 | a031 063e | fc7f 0000 | ffd0 4883 | c408 e90c | 0000 0048 | b8a0 3106 | 3efc 7f00 
  0x000001938753d8e0: 00ff d048 | 83c4 2049 | c787 a003 | 0000 0000 | 0000 49c7 | 87b0 0300 | 0000 0000 | 0049 c787 
  0x000001938753d900: a803 0000 | 0000 0000 | c5f8 7749 | 837f 0800 | 0f84 0500 | 0000 e9a5 | 35ff ff4c | 8b6d c04c 
  0x000001938753d920: 8b75 c84e | 8d74 f500 | c348 8b5d | e8e9 26f6 | ffff 660f | 1f44 0000 
[/MachCode]

---------------  P R O C E S S  ---------------

Threads class SMR info:
_java_thread_list=0x00000193d4b3b9a0, length=16, elements={
0x00000193ecd3d750, 0x00000193ff5852f0, 0x00000193ff58a020, 0x00000193ff58bf80,
0x00000193ff58c9e0, 0x00000193ff58d440, 0x00000193ff58dfd0, 0x00000193ff59a880,
0x00000193ff59f0a0, 0x00000193d4168fe0, 0x00000193d416bb30, 0x00000193d41f3730,
0x00000193d42d40c0, 0x00000193d4a8be20, 0x00000193d4b4ddc0, 0x00000193d4b56c50
}

Java Threads: ( => current thread )
  0x00000193ecd3d750 JavaThread "main"                              [_thread_blocked, id=21320, stack(0x000000796ab00000,0x000000796ac00000) (1024K)]
  0x00000193ff5852f0 JavaThread "Reference Handler"          daemon [_thread_blocked, id=2764, stack(0x000000796b300000,0x000000796b400000) (1024K)]
  0x00000193ff58a020 JavaThread "Finalizer"                  daemon [_thread_blocked, id=4828, stack(0x000000796b400000,0x000000796b500000) (1024K)]
  0x00000193ff58bf80 JavaThread "Signal Dispatcher"          daemon [_thread_blocked, id=16216, stack(0x000000796b500000,0x000000796b600000) (1024K)]
  0x00000193ff58c9e0 JavaThread "Attach Listener"            daemon [_thread_blocked, id=15468, stack(0x000000796b600000,0x000000796b700000) (1024K)]
  0x00000193ff58d440 JavaThread "Service Thread"             daemon [_thread_blocked, id=21336, stack(0x000000796b700000,0x000000796b800000) (1024K)]
  0x00000193ff58dfd0 JavaThread "Monitor Deflation Thread"   daemon [_thread_blocked, id=19948, stack(0x000000796b800000,0x000000796b900000) (1024K)]
  0x00000193ff59a880 JavaThread "C2 CompilerThread0"         daemon [_thread_blocked, id=10892, stack(0x000000796b900000,0x000000796ba00000) (1024K)]
  0x00000193ff59f0a0 JavaThread "C1 CompilerThread0"         daemon [_thread_blocked, id=21700, stack(0x000000796ba00000,0x000000796bb00000) (1024K)]
  0x00000193d4168fe0 JavaThread "Common-Cleaner"             daemon [_thread_blocked, id=7492, stack(0x000000796bb00000,0x000000796bc00000) (1024K)]
  0x00000193d416bb30 JavaThread "Notification Thread"        daemon [_thread_blocked, id=5824, stack(0x000000796bc00000,0x000000796bd00000) (1024K)]
  0x00000193d41f3730 JavaThread "C2 CompilerThread1"         daemon [_thread_blocked, id=23408, stack(0x000000796bd00000,0x000000796be00000) (1024K)]
  0x00000193d42d40c0 JavaThread "JavaFX-Launcher"                   [_thread_blocked, id=11184, stack(0x000000796bf00000,0x000000796c000000) (1024K)]
  0x00000193d4a8be20 JavaThread "QuantumRenderer-0"          daemon [_thread_blocked, id=19704, stack(0x000000796c000000,0x000000796c100000) (1024K)]
  0x00000193d4b4ddc0 JavaThread "InvokeLaterDispatcher"      daemon [_thread_blocked, id=12184, stack(0x000000796c200000,0x000000796c300000) (1024K)]
=>0x00000193d4b56c50 JavaThread "WindowsNativeRunloopThread"        [_thread_in_vm, id=8840, stack(0x000000796c300000,0x000000796c400000) (1024K)]
Total: 16

Other Threads:
  0x00000193ff570410 VMThread "VM Thread"                           [id=5504, stack(0x000000796b200000,0x000000796b300000) (1024K)]
  0x00000193ff55b320 WatcherThread "VM Periodic Task Thread"        [id=18288, stack(0x000000796b100000,0x000000796b200000) (1024K)]
  0x00000193eefbe970 WorkerThread "GC Thread#0"                     [id=20488, stack(0x000000796ac00000,0x000000796ad00000) (1024K)]
  0x00000193eefd4600 ConcurrentGCThread "G1 Main Marker"            [id=3608, stack(0x000000796ad00000,0x000000796ae00000) (1024K)]
  0x00000193eefd52c0 WorkerThread "G1 Conc#0"                       [id=8496, stack(0x000000796ae00000,0x000000796af00000) (1024K)]
  0x00000193ff42f5d0 ConcurrentGCThread "G1 Refine#0"               [id=3964, stack(0x000000796af00000,0x000000796b000000) (1024K)]
  0x00000193ff42ff60 ConcurrentGCThread "G1 Service"                [id=21992, stack(0x000000796b000000,0x000000796b100000) (1024K)]
Total: 7

Threads with active compile tasks:
Total: 0

VM state: not at safepoint (normal execution)

VM Mutex/Monitor currently owned by a thread: None

Heap address: 0x0000000709800000, size: 3944 MB, Compressed Oops mode: Zero based, Oop shift amount: 3

CDS archive(s) mapped at: [0x000001938f000000-0x000001938fd70000-0x000001938fd70000), size 14090240, SharedBaseAddress: 0x000001938f000000, ArchiveRelocationMode: 1.
Compressed class space mapped at: 0x0000019390000000-0x00000193d0000000, reserved size: 1073741824
Narrow klass base: 0x000001938f000000, Narrow klass shift: 0, Narrow klass range: 0x41000000

GC Precious Log:
 CardTable entry size: 512
 Card Set container configuration: InlinePtr #cards 4 size 8 Array Of Cards #cards 16 size 48 Howl #buckets 8 coarsen threshold 3686 Howl Bitmap #cards 512 size 80 coarsen threshold 460 Card regions per heap region 1 cards per card region 4096
 CPUs: 12 total, 12 available
 Memory: 15773M
 Large Page Support: Disabled
 NUMA Support: Disabled
 Compressed Oops: Enabled (Zero based)
 Heap Region Size: 2M
 Heap Min Capacity: 8M
 Heap Initial Capacity: 248M
 Heap Max Capacity: 3944M
 Pre-touch: Disabled
 Parallel Workers: 10
 Concurrent Workers: 3
 Concurrent Refinement Workers: 10
 Periodic GC: Disabled

Heap:
 garbage-first heap   total reserved 4038656K, committed 253952K, used 14336K [0x0000000709800000, 0x0000000800000000)
  region size 2048K, 6 young (12288K), 0 survivors (0K)
 Metaspace       used 3279K, committed 3456K, reserved 1114112K
  class space    used 350K, committed 448K, reserved 1048576K

Heap Regions: E=young(eden), S=young(survivor), O=old, HS=humongous(starts), HC=humongous(continues), CS=collection set, F=free, TAMS=top-at-mark-start, PB=parsable bottom
|   0|0x0000000709800000, 0x0000000709a00000, 0x0000000709a00000|100%|HS|  |TAMS 0x0000000709800000| PB 0x0000000709800000| Complete |  0
|   1|0x0000000709a00000, 0x0000000709c00000, 0x0000000709c00000|100%|HS|  |TAMS 0x0000000709a00000| PB 0x0000000709a00000| Complete |  0
|   2|0x0000000709c00000, 0x0000000709c00000, 0x0000000709e00000|  0%| F|  |TAMS 0x0000000709c00000| PB 0x0000000709c00000| Untracked |  0
|   3|0x0000000709e00000, 0x0000000709e00000, 0x000000070a000000|  0%| F|  |TAMS 0x0000000709e00000| PB 0x0000000709e00000| Untracked |  0
|   4|0x000000070a000000, 0x000000070a000000, 0x000000070a200000|  0%| F|  |TAMS 0x000000070a000000| PB 0x000000070a000000| Untracked |  0
|   5|0x000000070a200000, 0x000000070a200000, 0x000000070a400000|  0%| F|  |TAMS 0x000000070a200000| PB 0x000000070a200000| Untracked |  0
|   6|0x000000070a400000, 0x000000070a400000, 0x000000070a600000|  0%| F|  |TAMS 0x000000070a400000| PB 0x000000070a400000| Untracked |  0
|   7|0x000000070a600000, 0x000000070a600000, 0x000000070a800000|  0%| F|  |TAMS 0x000000070a600000| PB 0x000000070a600000| Untracked |  0
|   8|0x000000070a800000, 0x000000070a800000, 0x000000070aa00000|  0%| F|  |TAMS 0x000000070a800000| PB 0x000000070a800000| Untracked |  0
|   9|0x000000070aa00000, 0x000000070aa00000, 0x000000070ac00000|  0%| F|  |TAMS 0x000000070aa00000| PB 0x000000070aa00000| Untracked |  0
|  10|0x000000070ac00000, 0x000000070ac00000, 0x000000070ae00000|  0%| F|  |TAMS 0x000000070ac00000| PB 0x000000070ac00000| Untracked |  0
|  11|0x000000070ae00000, 0x000000070ae00000, 0x000000070b000000|  0%| F|  |TAMS 0x000000070ae00000| PB 0x000000070ae00000| Untracked |  0
|  12|0x000000070b000000, 0x000000070b000000, 0x000000070b200000|  0%| F|  |TAMS 0x000000070b000000| PB 0x000000070b000000| Untracked |  0
|  13|0x000000070b200000, 0x000000070b200000, 0x000000070b400000|  0%| F|  |TAMS 0x000000070b200000| PB 0x000000070b200000| Untracked |  0
|  14|0x000000070b400000, 0x000000070b400000, 0x000000070b600000|  0%| F|  |TAMS 0x000000070b400000| PB 0x000000070b400000| Untracked |  0
|  15|0x000000070b600000, 0x000000070b600000, 0x000000070b800000|  0%| F|  |TAMS 0x000000070b600000| PB 0x000000070b600000| Untracked |  0
|  16|0x000000070b800000, 0x000000070b800000, 0x000000070ba00000|  0%| F|  |TAMS 0x000000070b800000| PB 0x000000070b800000| Untracked |  0
|  17|0x000000070ba00000, 0x000000070ba00000, 0x000000070bc00000|  0%| F|  |TAMS 0x000000070ba00000| PB 0x000000070ba00000| Untracked |  0
|  18|0x000000070bc00000, 0x000000070bc00000, 0x000000070be00000|  0%| F|  |TAMS 0x000000070bc00000| PB 0x000000070bc00000| Untracked |  0
|  19|0x000000070be00000, 0x000000070be00000, 0x000000070c000000|  0%| F|  |TAMS 0x000000070be00000| PB 0x000000070be00000| Untracked |  0
|  20|0x000000070c000000, 0x000000070c000000, 0x000000070c200000|  0%| F|  |TAMS 0x000000070c000000| PB 0x000000070c000000| Untracked |  0
|  21|0x000000070c200000, 0x000000070c200000, 0x000000070c400000|  0%| F|  |TAMS 0x000000070c200000| PB 0x000000070c200000| Untracked |  0
|  22|0x000000070c400000, 0x000000070c400000, 0x000000070c600000|  0%| F|  |TAMS 0x000000070c400000| PB 0x000000070c400000| Untracked |  0
|  23|0x000000070c600000, 0x000000070c600000, 0x000000070c800000|  0%| F|  |TAMS 0x000000070c600000| PB 0x000000070c600000| Untracked |  0
|  24|0x000000070c800000, 0x000000070c800000, 0x000000070ca00000|  0%| F|  |TAMS 0x000000070c800000| PB 0x000000070c800000| Untracked |  0
|  25|0x000000070ca00000, 0x000000070ca00000, 0x000000070cc00000|  0%| F|  |TAMS 0x000000070ca00000| PB 0x000000070ca00000| Untracked |  0
|  26|0x000000070cc00000, 0x000000070cc00000, 0x000000070ce00000|  0%| F|  |TAMS 0x000000070cc00000| PB 0x000000070cc00000| Untracked |  0
|  27|0x000000070ce00000, 0x000000070ce00000, 0x000000070d000000|  0%| F|  |TAMS 0x000000070ce00000| PB 0x000000070ce00000| Untracked |  0
|  28|0x000000070d000000, 0x000000070d000000, 0x000000070d200000|  0%| F|  |TAMS 0x000000070d000000| PB 0x000000070d000000| Untracked |  0
|  29|0x000000070d200000, 0x000000070d200000, 0x000000070d400000|  0%| F|  |TAMS 0x000000070d200000| PB 0x000000070d200000| Untracked |  0
|  30|0x000000070d400000, 0x000000070d400000, 0x000000070d600000|  0%| F|  |TAMS 0x000000070d400000| PB 0x000000070d400000| Untracked |  0
|  31|0x000000070d600000, 0x000000070d600000, 0x000000070d800000|  0%| F|  |TAMS 0x000000070d600000| PB 0x000000070d600000| Untracked |  0
|  32|0x000000070d800000, 0x000000070d800000, 0x000000070da00000|  0%| F|  |TAMS 0x000000070d800000| PB 0x000000070d800000| Untracked |  0
|  33|0x000000070da00000, 0x000000070da00000, 0x000000070dc00000|  0%| F|  |TAMS 0x000000070da00000| PB 0x000000070da00000| Untracked |  0
|  34|0x000000070dc00000, 0x000000070dc00000, 0x000000070de00000|  0%| F|  |TAMS 0x000000070dc00000| PB 0x000000070dc00000| Untracked |  0
|  35|0x000000070de00000, 0x000000070de00000, 0x000000070e000000|  0%| F|  |TAMS 0x000000070de00000| PB 0x000000070de00000| Untracked |  0
|  36|0x000000070e000000, 0x000000070e000000, 0x000000070e200000|  0%| F|  |TAMS 0x000000070e000000| PB 0x000000070e000000| Untracked |  0
|  37|0x000000070e200000, 0x000000070e200000, 0x000000070e400000|  0%| F|  |TAMS 0x000000070e200000| PB 0x000000070e200000| Untracked |  0
|  38|0x000000070e400000, 0x000000070e400000, 0x000000070e600000|  0%| F|  |TAMS 0x000000070e400000| PB 0x000000070e400000| Untracked |  0
|  39|0x000000070e600000, 0x000000070e600000, 0x000000070e800000|  0%| F|  |TAMS 0x000000070e600000| PB 0x000000070e600000| Untracked |  0
|  40|0x000000070e800000, 0x000000070e800000, 0x000000070ea00000|  0%| F|  |TAMS 0x000000070e800000| PB 0x000000070e800000| Untracked |  0
|  41|0x000000070ea00000, 0x000000070ea00000, 0x000000070ec00000|  0%| F|  |TAMS 0x000000070ea00000| PB 0x000000070ea00000| Untracked |  0
|  42|0x000000070ec00000, 0x000000070ec00000, 0x000000070ee00000|  0%| F|  |TAMS 0x000000070ec00000| PB 0x000000070ec00000| Untracked |  0
|  43|0x000000070ee00000, 0x000000070ee00000, 0x000000070f000000|  0%| F|  |TAMS 0x000000070ee00000| PB 0x000000070ee00000| Untracked |  0
|  44|0x000000070f000000, 0x000000070f000000, 0x000000070f200000|  0%| F|  |TAMS 0x000000070f000000| PB 0x000000070f000000| Untracked |  0
|  45|0x000000070f200000, 0x000000070f200000, 0x000000070f400000|  0%| F|  |TAMS 0x000000070f200000| PB 0x000000070f200000| Untracked |  0
|  46|0x000000070f400000, 0x000000070f400000, 0x000000070f600000|  0%| F|  |TAMS 0x000000070f400000| PB 0x000000070f400000| Untracked |  0
|  47|0x000000070f600000, 0x000000070f600000, 0x000000070f800000|  0%| F|  |TAMS 0x000000070f600000| PB 0x000000070f600000| Untracked |  0
|  48|0x000000070f800000, 0x000000070f800000, 0x000000070fa00000|  0%| F|  |TAMS 0x000000070f800000| PB 0x000000070f800000| Untracked |  0
|  49|0x000000070fa00000, 0x000000070fa00000, 0x000000070fc00000|  0%| F|  |TAMS 0x000000070fa00000| PB 0x000000070fa00000| Untracked |  0
|  50|0x000000070fc00000, 0x000000070fc00000, 0x000000070fe00000|  0%| F|  |TAMS 0x000000070fc00000| PB 0x000000070fc00000| Untracked |  0
|  51|0x000000070fe00000, 0x000000070fe00000, 0x0000000710000000|  0%| F|  |TAMS 0x000000070fe00000| PB 0x000000070fe00000| Untracked |  0
|  52|0x0000000710000000, 0x0000000710000000, 0x0000000710200000|  0%| F|  |TAMS 0x0000000710000000| PB 0x0000000710000000| Untracked |  0
|  53|0x0000000710200000, 0x0000000710200000, 0x0000000710400000|  0%| F|  |TAMS 0x0000000710200000| PB 0x0000000710200000| Untracked |  0
|  54|0x0000000710400000, 0x0000000710400000, 0x0000000710600000|  0%| F|  |TAMS 0x0000000710400000| PB 0x0000000710400000| Untracked |  0
|  55|0x0000000710600000, 0x0000000710600000, 0x0000000710800000|  0%| F|  |TAMS 0x0000000710600000| PB 0x0000000710600000| Untracked |  0
|  56|0x0000000710800000, 0x0000000710800000, 0x0000000710a00000|  0%| F|  |TAMS 0x0000000710800000| PB 0x0000000710800000| Untracked |  0
|  57|0x0000000710a00000, 0x0000000710a00000, 0x0000000710c00000|  0%| F|  |TAMS 0x0000000710a00000| PB 0x0000000710a00000| Untracked |  0
|  58|0x0000000710c00000, 0x0000000710c00000, 0x0000000710e00000|  0%| F|  |TAMS 0x0000000710c00000| PB 0x0000000710c00000| Untracked |  0
|  59|0x0000000710e00000, 0x0000000710e00000, 0x0000000711000000|  0%| F|  |TAMS 0x0000000710e00000| PB 0x0000000710e00000| Untracked |  0
|  60|0x0000000711000000, 0x0000000711000000, 0x0000000711200000|  0%| F|  |TAMS 0x0000000711000000| PB 0x0000000711000000| Untracked |  0
|  61|0x0000000711200000, 0x0000000711200000, 0x0000000711400000|  0%| F|  |TAMS 0x0000000711200000| PB 0x0000000711200000| Untracked |  0
|  62|0x0000000711400000, 0x0000000711400000, 0x0000000711600000|  0%| F|  |TAMS 0x0000000711400000| PB 0x0000000711400000| Untracked |  0
|  63|0x0000000711600000, 0x0000000711600000, 0x0000000711800000|  0%| F|  |TAMS 0x0000000711600000| PB 0x0000000711600000| Untracked |  0
|  64|0x0000000711800000, 0x0000000711800000, 0x0000000711a00000|  0%| F|  |TAMS 0x0000000711800000| PB 0x0000000711800000| Untracked |  0
|  65|0x0000000711a00000, 0x0000000711a00000, 0x0000000711c00000|  0%| F|  |TAMS 0x0000000711a00000| PB 0x0000000711a00000| Untracked |  0
|  66|0x0000000711c00000, 0x0000000711c00000, 0x0000000711e00000|  0%| F|  |TAMS 0x0000000711c00000| PB 0x0000000711c00000| Untracked |  0
|  67|0x0000000711e00000, 0x0000000711e00000, 0x0000000712000000|  0%| F|  |TAMS 0x0000000711e00000| PB 0x0000000711e00000| Untracked |  0
|  68|0x0000000712000000, 0x0000000712000000, 0x0000000712200000|  0%| F|  |TAMS 0x0000000712000000| PB 0x0000000712000000| Untracked |  0
|  69|0x0000000712200000, 0x0000000712200000, 0x0000000712400000|  0%| F|  |TAMS 0x0000000712200000| PB 0x0000000712200000| Untracked |  0
|  70|0x0000000712400000, 0x0000000712400000, 0x0000000712600000|  0%| F|  |TAMS 0x0000000712400000| PB 0x0000000712400000| Untracked |  0
|  71|0x0000000712600000, 0x0000000712600000, 0x0000000712800000|  0%| F|  |TAMS 0x0000000712600000| PB 0x0000000712600000| Untracked |  0
|  72|0x0000000712800000, 0x0000000712800000, 0x0000000712a00000|  0%| F|  |TAMS 0x0000000712800000| PB 0x0000000712800000| Untracked |  0
|  73|0x0000000712a00000, 0x0000000712a00000, 0x0000000712c00000|  0%| F|  |TAMS 0x0000000712a00000| PB 0x0000000712a00000| Untracked |  0
|  74|0x0000000712c00000, 0x0000000712c00000, 0x0000000712e00000|  0%| F|  |TAMS 0x0000000712c00000| PB 0x0000000712c00000| Untracked |  0
|  75|0x0000000712e00000, 0x0000000712e00000, 0x0000000713000000|  0%| F|  |TAMS 0x0000000712e00000| PB 0x0000000712e00000| Untracked |  0
|  76|0x0000000713000000, 0x0000000713000000, 0x0000000713200000|  0%| F|  |TAMS 0x0000000713000000| PB 0x0000000713000000| Untracked |  0
|  77|0x0000000713200000, 0x0000000713200000, 0x0000000713400000|  0%| F|  |TAMS 0x0000000713200000| PB 0x0000000713200000| Untracked |  0
|  78|0x0000000713400000, 0x0000000713400000, 0x0000000713600000|  0%| F|  |TAMS 0x0000000713400000| PB 0x0000000713400000| Untracked |  0
|  79|0x0000000713600000, 0x0000000713600000, 0x0000000713800000|  0%| F|  |TAMS 0x0000000713600000| PB 0x0000000713600000| Untracked |  0
|  80|0x0000000713800000, 0x0000000713800000, 0x0000000713a00000|  0%| F|  |TAMS 0x0000000713800000| PB 0x0000000713800000| Untracked |  0
|  81|0x0000000713a00000, 0x0000000713a00000, 0x0000000713c00000|  0%| F|  |TAMS 0x0000000713a00000| PB 0x0000000713a00000| Untracked |  0
|  82|0x0000000713c00000, 0x0000000713c00000, 0x0000000713e00000|  0%| F|  |TAMS 0x0000000713c00000| PB 0x0000000713c00000| Untracked |  0
|  83|0x0000000713e00000, 0x0000000713e00000, 0x0000000714000000|  0%| F|  |TAMS 0x0000000713e00000| PB 0x0000000713e00000| Untracked |  0
|  84|0x0000000714000000, 0x0000000714000000, 0x0000000714200000|  0%| F|  |TAMS 0x0000000714000000| PB 0x0000000714000000| Untracked |  0
|  85|0x0000000714200000, 0x0000000714200000, 0x0000000714400000|  0%| F|  |TAMS 0x0000000714200000| PB 0x0000000714200000| Untracked |  0
|  86|0x0000000714400000, 0x0000000714400000, 0x0000000714600000|  0%| F|  |TAMS 0x0000000714400000| PB 0x0000000714400000| Untracked |  0
|  87|0x0000000714600000, 0x0000000714600000, 0x0000000714800000|  0%| F|  |TAMS 0x0000000714600000| PB 0x0000000714600000| Untracked |  0
|  88|0x0000000714800000, 0x0000000714800000, 0x0000000714a00000|  0%| F|  |TAMS 0x0000000714800000| PB 0x0000000714800000| Untracked |  0
|  89|0x0000000714a00000, 0x0000000714a00000, 0x0000000714c00000|  0%| F|  |TAMS 0x0000000714a00000| PB 0x0000000714a00000| Untracked |  0
|  90|0x0000000714c00000, 0x0000000714c00000, 0x0000000714e00000|  0%| F|  |TAMS 0x0000000714c00000| PB 0x0000000714c00000| Untracked |  0
|  91|0x0000000714e00000, 0x0000000714e00000, 0x0000000715000000|  0%| F|  |TAMS 0x0000000714e00000| PB 0x0000000714e00000| Untracked |  0
|  92|0x0000000715000000, 0x0000000715000000, 0x0000000715200000|  0%| F|  |TAMS 0x0000000715000000| PB 0x0000000715000000| Untracked |  0
|  93|0x0000000715200000, 0x0000000715200000, 0x0000000715400000|  0%| F|  |TAMS 0x0000000715200000| PB 0x0000000715200000| Untracked |  0
|  94|0x0000000715400000, 0x0000000715400000, 0x0000000715600000|  0%| F|  |TAMS 0x0000000715400000| PB 0x0000000715400000| Untracked |  0
|  95|0x0000000715600000, 0x0000000715600000, 0x0000000715800000|  0%| F|  |TAMS 0x0000000715600000| PB 0x0000000715600000| Untracked |  0
|  96|0x0000000715800000, 0x0000000715800000, 0x0000000715a00000|  0%| F|  |TAMS 0x0000000715800000| PB 0x0000000715800000| Untracked |  0
|  97|0x0000000715a00000, 0x0000000715a00000, 0x0000000715c00000|  0%| F|  |TAMS 0x0000000715a00000| PB 0x0000000715a00000| Untracked |  0
|  98|0x0000000715c00000, 0x0000000715c00000, 0x0000000715e00000|  0%| F|  |TAMS 0x0000000715c00000| PB 0x0000000715c00000| Untracked |  0
|  99|0x0000000715e00000, 0x0000000715e00000, 0x0000000716000000|  0%| F|  |TAMS 0x0000000715e00000| PB 0x0000000715e00000| Untracked |  0
| 100|0x0000000716000000, 0x0000000716000000, 0x0000000716200000|  0%| F|  |TAMS 0x0000000716000000| PB 0x0000000716000000| Untracked |  0
| 101|0x0000000716200000, 0x0000000716200000, 0x0000000716400000|  0%| F|  |TAMS 0x0000000716200000| PB 0x0000000716200000| Untracked |  0
| 102|0x0000000716400000, 0x0000000716400000, 0x0000000716600000|  0%| F|  |TAMS 0x0000000716400000| PB 0x0000000716400000| Untracked |  0
| 103|0x0000000716600000, 0x0000000716600000, 0x0000000716800000|  0%| F|  |TAMS 0x0000000716600000| PB 0x0000000716600000| Untracked |  0
| 104|0x0000000716800000, 0x0000000716800000, 0x0000000716a00000|  0%| F|  |TAMS 0x0000000716800000| PB 0x0000000716800000| Untracked |  0
| 105|0x0000000716a00000, 0x0000000716a00000, 0x0000000716c00000|  0%| F|  |TAMS 0x0000000716a00000| PB 0x0000000716a00000| Untracked |  0
| 106|0x0000000716c00000, 0x0000000716c00000, 0x0000000716e00000|  0%| F|  |TAMS 0x0000000716c00000| PB 0x0000000716c00000| Untracked |  0
| 107|0x0000000716e00000, 0x0000000716e00000, 0x0000000717000000|  0%| F|  |TAMS 0x0000000716e00000| PB 0x0000000716e00000| Untracked |  0
| 108|0x0000000717000000, 0x0000000717000000, 0x0000000717200000|  0%| F|  |TAMS 0x0000000717000000| PB 0x0000000717000000| Untracked |  0
| 109|0x0000000717200000, 0x0000000717200000, 0x0000000717400000|  0%| F|  |TAMS 0x0000000717200000| PB 0x0000000717200000| Untracked |  0
| 110|0x0000000717400000, 0x0000000717400000, 0x0000000717600000|  0%| F|  |TAMS 0x0000000717400000| PB 0x0000000717400000| Untracked |  0
| 111|0x0000000717600000, 0x0000000717600000, 0x0000000717800000|  0%| F|  |TAMS 0x0000000717600000| PB 0x0000000717600000| Untracked |  0
| 112|0x0000000717800000, 0x0000000717800000, 0x0000000717a00000|  0%| F|  |TAMS 0x0000000717800000| PB 0x0000000717800000| Untracked |  0
| 113|0x0000000717a00000, 0x0000000717a00000, 0x0000000717c00000|  0%| F|  |TAMS 0x0000000717a00000| PB 0x0000000717a00000| Untracked |  0
| 114|0x0000000717c00000, 0x0000000717c00000, 0x0000000717e00000|  0%| F|  |TAMS 0x0000000717c00000| PB 0x0000000717c00000| Untracked |  0
| 115|0x0000000717e00000, 0x0000000717e00000, 0x0000000718000000|  0%| F|  |TAMS 0x0000000717e00000| PB 0x0000000717e00000| Untracked |  0
| 116|0x0000000718000000, 0x0000000718000000, 0x0000000718200000|  0%| F|  |TAMS 0x0000000718000000| PB 0x0000000718000000| Untracked |  0
| 117|0x0000000718200000, 0x0000000718200000, 0x0000000718400000|  0%| F|  |TAMS 0x0000000718200000| PB 0x0000000718200000| Untracked |  0
| 118|0x0000000718400000, 0x0000000718600000, 0x0000000718600000|100%| E|  |TAMS 0x0000000718400000| PB 0x0000000718400000| Complete |  0
| 119|0x0000000718600000, 0x0000000718800000, 0x0000000718800000|100%| E|CS|TAMS 0x0000000718600000| PB 0x0000000718600000| Complete |  0
| 120|0x0000000718800000, 0x0000000718a00000, 0x0000000718a00000|100%| E|CS|TAMS 0x0000000718800000| PB 0x0000000718800000| Complete |  0
| 121|0x0000000718a00000, 0x0000000718c00000, 0x0000000718c00000|100%| E|CS|TAMS 0x0000000718a00000| PB 0x0000000718a00000| Complete |  0
| 122|0x0000000718c00000, 0x0000000718e00000, 0x0000000718e00000|100%| E|CS|TAMS 0x0000000718c00000| PB 0x0000000718c00000| Complete |  0
| 123|0x0000000718e00000, 0x0000000719000000, 0x0000000719000000|100%| E|CS|TAMS 0x0000000718e00000| PB 0x0000000718e00000| Complete |  0

Card table byte_map: [0x00000193f83c0000,0x00000193f8b80000] _byte_map_base: 0x00000193f4b74000

Marking Bits: (CMBitMap*) 0x00000193eefbf890
 Bits: [0x00000193f8b80000, 0x00000193fc920000)

Polling page: 0x00000193ee720000

Metaspace:

Usage:
  Non-class:      2.86 MB used.
      Class:    350.08 KB used.
       Both:      3.20 MB used.

Virtual space:
  Non-class space:       64.00 MB reserved,       2.94 MB (  5%) committed,  1 nodes.
      Class space:        1.00 GB reserved,     448.00 KB ( <1%) committed,  1 nodes.
             Both:        1.06 GB reserved,       3.38 MB ( <1%) committed. 

Chunk freelists:
   Non-Class:  10.84 MB
       Class:  15.54 MB
        Both:  26.38 MB

MaxMetaspaceSize: unlimited
CompressedClassSpaceSize: 1.00 GB
Initial GC threshold: 21.00 MB
Current GC threshold: 21.00 MB
CDS: on
 - commit_granule_bytes: 65536.
 - commit_granule_words: 8192.
 - virtual_space_node_default_size: 8388608.
 - enlarge_chunks_in_place: 1.
 - use_allocation_guard: 0.


Internal statistics:

num_allocs_failed_limit: 0.
num_arena_births: 106.
num_arena_deaths: 0.
num_vsnodes_births: 2.
num_vsnodes_deaths: 0.
num_space_committed: 54.
num_space_uncommitted: 0.
num_chunks_returned_to_freelist: 0.
num_chunks_taken_from_freelist: 183.
num_chunk_merges: 0.
num_chunk_splits: 117.
num_chunks_enlarged: 70.
num_inconsistent_stats: 0.

CodeHeap 'non-profiled nmethods': size=120064Kb used=281Kb max_used=281Kb free=119782Kb
 bounds [0x0000019387ac0000, 0x0000019387d30000, 0x000001938f000000]
CodeHeap 'profiled nmethods': size=120000Kb used=1046Kb max_used=1046Kb free=118953Kb
 bounds [0x0000019380000000, 0x0000019380270000, 0x0000019387530000]
CodeHeap 'non-nmethods': size=5696Kb used=1386Kb max_used=1401Kb free=4309Kb
 bounds [0x0000019387530000, 0x00000193877a0000, 0x0000019387ac0000]
CodeCache: size=245760Kb, used=2713Kb, max_used=2728Kb, free=243044Kb
 total_blobs=1387, nmethods=893, adapters=400, full_count=0
Compilation: enabled, stopped_count=0, restarted_count=0

Compilation events (20 events):
Event: 0.646 Thread 0x00000193ff59f0a0  879       3       java.security.AccessController::executePrivileged (69 bytes)
Event: 0.646 Thread 0x00000193ff59f0a0 nmethod 879 0x0000019380102b08 code [0x0000019380102c60, 0x0000019380102f88]
Event: 0.647 Thread 0x00000193ff59a880  880       4       java.lang.invoke.MemberName::getReferenceKind (12 bytes)
Event: 0.648 Thread 0x00000193ff59f0a0  881       3       jdk.internal.org.objectweb.asm.MethodVisitor::<init> (78 bytes)
Event: 0.648 Thread 0x00000193ff59a880 nmethod 880 0x0000019387b04b08 code [0x0000019387b04c00, 0x0000019387b04c80]
Event: 0.648 Thread 0x00000193ff59f0a0 nmethod 881 0x0000019380103008 code [0x00000193801031c0, 0x00000193801039a0]
Event: 0.648 Thread 0x00000193ff59f0a0  882       3       java.lang.invoke.BoundMethodHandle::<init> (32 bytes)
Event: 0.649 Thread 0x00000193ff59f0a0 nmethod 882 0x0000019380103a08 code [0x0000019380103b20, 0x0000019380103c80]
Event: 0.649 Thread 0x00000193ff59f0a0  883       3       java.lang.invoke.DirectMethodHandle::preparedLambdaForm (31 bytes)
Event: 0.649 Thread 0x00000193ff59f0a0 nmethod 883 0x0000019380103d08 code [0x0000019380103e80, 0x0000019380104310]
Event: 0.650 Thread 0x00000193ff59f0a0  886       3       jdk.internal.org.objectweb.asm.MethodWriter::visitMethodInsn (191 bytes)
Event: 0.650 Thread 0x00000193ff59a880  892       4       java.lang.StringBuilder::append (8 bytes)
Event: 0.650 Thread 0x00000193ff59f0a0 nmethod 886 0x0000019380104388 code [0x0000019380104540, 0x0000019380104c88]
Event: 0.650 Thread 0x00000193ff59f0a0  888       3       java.lang.invoke.InvokerBytecodeGenerator::emitLoadInsn (21 bytes)
Event: 0.650 Thread 0x00000193ff59f0a0 nmethod 888 0x0000019380104d08 code [0x0000019380104e40, 0x00000193801050a0]
Event: 0.651 Thread 0x00000193ff59f0a0  889       3       jdk.internal.org.objectweb.asm.AnnotationWriter::putAnnotations (67 bytes)
Event: 0.651 Thread 0x00000193ff59f0a0 nmethod 889 0x0000019380105108 code [0x00000193801052a0, 0x0000019380105678]
Event: 0.651 Thread 0x00000193ff59f0a0  887       3       jdk.internal.org.objectweb.asm.SymbolTable::addConstantMethodref (24 bytes)
Event: 0.651 Thread 0x00000193ff59f0a0 nmethod 887 0x0000019380105688 code [0x00000193801057a0, 0x0000019380105940]
Event: 0.658 Thread 0x00000193ff59a880 nmethod 892 0x0000019387b05d08 code [0x0000019387b05e60, 0x0000019387b06580]

GC Heap History (0 events):
No events

Dll operation events (20 events):
Event: 0.467 Loaded shared library C:\Users\Ferko\.openjfx\cache\23.0.1+4\amd64\api-ms-win-crt-heap-l1-1-0.dll
Event: 0.471 Loaded shared library C:\Users\Ferko\.openjfx\cache\23.0.1+4\amd64\api-ms-win-crt-locale-l1-1-0.dll
Event: 0.474 Loaded shared library C:\Users\Ferko\.openjfx\cache\23.0.1+4\amd64\api-ms-win-crt-math-l1-1-0.dll
Event: 0.478 Loaded shared library C:\Users\Ferko\.openjfx\cache\23.0.1+4\amd64\api-ms-win-crt-multibyte-l1-1-0.dll
Event: 0.482 Loaded shared library C:\Users\Ferko\.openjfx\cache\23.0.1+4\amd64\api-ms-win-crt-private-l1-1-0.dll
Event: 0.485 Loaded shared library C:\Users\Ferko\.openjfx\cache\23.0.1+4\amd64\api-ms-win-crt-process-l1-1-0.dll
Event: 0.488 Loaded shared library C:\Users\Ferko\.openjfx\cache\23.0.1+4\amd64\api-ms-win-crt-runtime-l1-1-0.dll
Event: 0.492 Loaded shared library C:\Users\Ferko\.openjfx\cache\23.0.1+4\amd64\api-ms-win-crt-stdio-l1-1-0.dll
Event: 0.495 Loaded shared library C:\Users\Ferko\.openjfx\cache\23.0.1+4\amd64\api-ms-win-crt-string-l1-1-0.dll
Event: 0.498 Loaded shared library C:\Users\Ferko\.openjfx\cache\23.0.1+4\amd64\api-ms-win-crt-time-l1-1-0.dll
Event: 0.502 Loaded shared library C:\Users\Ferko\.openjfx\cache\23.0.1+4\amd64\api-ms-win-crt-utility-l1-1-0.dll
Event: 0.517 Loaded shared library C:\Users\Ferko\.openjfx\cache\23.0.1+4\amd64\ucrtbase.dll
Event: 0.522 Loaded shared library C:\Users\Ferko\.openjfx\cache\23.0.1+4\amd64\vcruntime140.dll
Event: 0.525 Loaded shared library C:\Users\Ferko\.openjfx\cache\23.0.1+4\amd64\vcruntime140_1.dll
Event: 0.535 Loaded shared library C:\Users\Ferko\.openjfx\cache\23.0.1+4\amd64\msvcp140.dll
Event: 0.538 Loaded shared library C:\Users\Ferko\.openjfx\cache\23.0.1+4\amd64\msvcp140_1.dll
Event: 0.543 Loaded shared library C:\Users\Ferko\.openjfx\cache\23.0.1+4\amd64\msvcp140_2.dll
Event: 0.587 Loaded shared library C:\Users\Ferko\.openjfx\cache\23.0.1+4\amd64\prism_d3d.dll
Event: 0.615 Loaded shared library C:\Users\Ferko\.openjfx\cache\23.0.1+4\amd64\prism_sw.dll
Event: 0.641 Loaded shared library C:\Users\Ferko\.openjfx\cache\23.0.1+4\amd64\glass.dll

Deoptimization events (16 events):
Event: 0.113 Thread 0x00000193ecd3d750 Uncommon trap: trap_request=0xffffff45 fr.pc=0x0000019387ace1b4 relative=0x0000000000000b74
Event: 0.113 Thread 0x00000193ecd3d750 Uncommon trap: reason=unstable_if action=reinterpret pc=0x0000019387ace1b4 method=java.util.zip.ZipFile$Source.checkAndAddEntry(II)I @ 163 c2
Event: 0.113 Thread 0x00000193ecd3d750 DEOPT PACKING pc=0x0000019387ace1b4 sp=0x000000796abfde70
Event: 0.113 Thread 0x00000193ecd3d750 DEOPT UNPACKING pc=0x0000019387584402 sp=0x000000796abfddd0 mode 2
Event: 0.489 Thread 0x00000193d42d40c0 DEOPT PACKING pc=0x000001938002e70f sp=0x000000796bffe640
Event: 0.489 Thread 0x00000193d42d40c0 DEOPT UNPACKING pc=0x0000019387584b22 sp=0x000000796bffdaf0 mode 0
Event: 0.520 Thread 0x00000193d42d40c0 DEOPT PACKING pc=0x00000193800ba02f sp=0x000000796bffea70
Event: 0.520 Thread 0x00000193d42d40c0 DEOPT UNPACKING pc=0x0000019387584b22 sp=0x000000796bffde90 mode 0
Event: 0.642 Thread 0x00000193d42d40c0 Uncommon trap: trap_request=0xffffff45 fr.pc=0x0000019387ae10d0 relative=0x0000000000000150
Event: 0.642 Thread 0x00000193d42d40c0 Uncommon trap: reason=unstable_if action=reinterpret pc=0x0000019387ae10d0 method=java.util.concurrent.locks.ReentrantLock$NonfairSync.initialTryLock()Z @ 10 c2
Event: 0.642 Thread 0x00000193d42d40c0 DEOPT PACKING pc=0x0000019387ae10d0 sp=0x000000796bffdd50
Event: 0.642 Thread 0x00000193d42d40c0 DEOPT UNPACKING pc=0x0000019387584402 sp=0x000000796bffdcf8 mode 2
Event: 0.642 Thread 0x00000193d42d40c0 Uncommon trap: trap_request=0xffffff45 fr.pc=0x0000019387ae1344 relative=0x00000000000000c4
Event: 0.642 Thread 0x00000193d42d40c0 Uncommon trap: reason=unstable_if action=reinterpret pc=0x0000019387ae1344 method=java.util.concurrent.locks.ReentrantLock$Sync.tryRelease(I)Z @ 26 c2
Event: 0.642 Thread 0x00000193d42d40c0 DEOPT PACKING pc=0x0000019387ae1344 sp=0x000000796bffdd50
Event: 0.642 Thread 0x00000193d42d40c0 DEOPT UNPACKING pc=0x0000019387584402 sp=0x000000796bffdcf0 mode 2

Classes loaded (20 events):
Event: 0.632 Loading class java/lang/ProcessEnvironment
Event: 0.632 Loading class java/lang/ProcessEnvironment done
Event: 0.632 Loading class java/lang/ProcessEnvironment$NameComparator
Event: 0.632 Loading class java/lang/ProcessEnvironment$NameComparator done
Event: 0.632 Loading class java/lang/ProcessEnvironment$EntryComparator
Event: 0.632 Loading class java/lang/ProcessEnvironment$EntryComparator done
Event: 0.632 Loading class java/lang/ProcessEnvironment$CheckedEntrySet
Event: 0.632 Loading class java/lang/ProcessEnvironment$CheckedEntrySet done
Event: 0.632 Loading class java/lang/ProcessEnvironment$CheckedEntrySet$1
Event: 0.633 Loading class java/lang/ProcessEnvironment$CheckedEntrySet$1 done
Event: 0.633 Loading class java/lang/ProcessEnvironment$CheckedEntry
Event: 0.633 Loading class java/lang/ProcessEnvironment$CheckedEntry done
Event: 0.642 Loading class java/lang/Throwable$WrappedPrintStream
Event: 0.642 Loading class java/lang/Throwable$PrintStreamOrWriter
Event: 0.642 Loading class java/lang/Throwable$PrintStreamOrWriter done
Event: 0.642 Loading class java/lang/Throwable$WrappedPrintStream done
Event: 0.646 Loading class java/util/concurrent/BlockingDeque
Event: 0.646 Loading class java/util/concurrent/BlockingDeque done
Event: 0.646 Loading class java/util/concurrent/LinkedBlockingDeque
Event: 0.647 Loading class java/util/concurrent/LinkedBlockingDeque done

Classes unloaded (0 events):
No events

Classes redefined (0 events):
No events

Internal exceptions (10 events):
Event: 0.138 Thread 0x00000193d42d40c0 Exception <a 'java/lang/NoSuchMethodError'{0x0000000718cfbf18}: 'void java.lang.invoke.DirectMethodHandle$Holder.invokeStatic(java.lang.Object, java.lang.Object)'> (0x0000000718cfbf18) 
thrown [s\open\src\hotspot\share\interpreter\linkResolver.cpp, line 796]
Event: 0.225 Thread 0x00000193d42d40c0 Exception <a 'java/lang/NoSuchMethodError'{0x0000000718a48e78}: 'java.lang.Object java.lang.invoke.DirectMethodHandle$Holder.invokeStatic(java.lang.Object, int, java.lang.Object)'> (0x0000000718a48e78) 
thrown [s\open\src\hotspot\share\interpreter\linkResolver.cpp, line 796]
Event: 0.231 Thread 0x00000193d42d40c0 Exception <a 'java/lang/NoSuchMethodError'{0x0000000718a5d060}: 'void java.lang.invoke.DirectMethodHandle$Holder.invokeSpecial(java.lang.Object, java.lang.Object, java.lang.Object)'> (0x0000000718a5d060) 
thrown [s\open\src\hotspot\share\interpreter\linkResolver.cpp, line 796]
Event: 0.242 Thread 0x00000193d42d40c0 Exception <a 'java/lang/ClassNotFoundException'{0x0000000718a93d80}: sun/util/logging/resources/spi/loggingProvider> (0x0000000718a93d80) 
thrown [s\open\src\hotspot\share\classfile\systemDictionary.cpp, line 313]
Event: 0.587 Thread 0x00000193d4a8be20 Exception <a 'java/lang/NoSuchFieldError'{0x000000071841a778}: disableD3D9Ex> (0x000000071841a778) 
thrown [s\open\src\hotspot\share\prims\jni.cpp, line 1989]
Event: 0.610 Thread 0x00000193d4a8be20 Exception <a 'java/lang/NoSuchFieldError'{0x000000071841a778}> (0x000000071841a778) 
thrown [s\open\src\hotspot\share\oops\instanceKlass.cpp, line 1236]
Event: 0.620 Thread 0x00000193d42d40c0 Exception <a 'java/lang/NoSuchMethodError'{0x0000000718486570}: 'int java.lang.invoke.DirectMethodHandle$Holder.invokeStaticInit(java.lang.Object, java.lang.Object, java.lang.Object)'> (0x0000000718486570) 
thrown [s\open\src\hotspot\share\interpreter\linkResolver.cpp, line 796]
Event: 0.642 Thread 0x00000193d42d40c0 Exception <a 'java/lang/NoSuchMethodError'{0x0000000718510a80}: notifyThemeChanged> (0x0000000718510a80) 
thrown [s\open\src\hotspot\share\prims\jni.cpp, line 1077]
Event: 0.649 Thread 0x00000193d42d40c0 Exception <a 'java/lang/NoSuchMethodError'{0x00000007185219b0}: 'java.lang.Object java.lang.invoke.DirectMethodHandle$Holder.newInvokeSpecial(java.lang.Object, java.lang.Object, int, java.lang.Object)'> (0x00000007185219b0) 
thrown [s\open\src\hotspot\share\interpreter\linkResolver.cpp, line 796]
Event: 0.650 Thread 0x00000193d42d40c0 Exception <a 'java/lang/NoSuchMethodError'{0x0000000718525950}: 'java.lang.Object java.lang.invoke.DirectMethodHandle$Holder.invokeSpecial(java.lang.Object, java.lang.Object, java.lang.Object, int, java.lang.Object)'> (0x0000000718525950) 
thrown [s\open\src\hotspot\share\interpreter\linkResolver.cpp, line 796]

VM Operations (4 events):
Event: 0.106 Executing VM operation: HandshakeAllThreads (Deoptimize)
Event: 0.106 Executing VM operation: HandshakeAllThreads (Deoptimize) done
Event: 0.632 Executing VM operation: HandshakeAllThreads (Deoptimize)
Event: 0.632 Executing VM operation: HandshakeAllThreads (Deoptimize) done

Memory protections (0 events):
No events

Nmethod flushes (0 events):
No events

Events (18 events):
Event: 0.027 Thread 0x00000193ecd3d750 Thread added: 0x00000193ecd3d750
Event: 0.043 Thread 0x00000193ecd3d750 Thread added: 0x00000193ff5852f0
Event: 0.043 Thread 0x00000193ecd3d750 Thread added: 0x00000193ff58a020
Event: 0.044 Thread 0x00000193ecd3d750 Thread added: 0x00000193ff58bf80
Event: 0.044 Thread 0x00000193ecd3d750 Thread added: 0x00000193ff58c9e0
Event: 0.044 Thread 0x00000193ecd3d750 Thread added: 0x00000193ff58d440
Event: 0.044 Thread 0x00000193ecd3d750 Thread added: 0x00000193ff58dfd0
Event: 0.044 Thread 0x00000193ecd3d750 Thread added: 0x00000193ff59a880
Event: 0.044 Thread 0x00000193ecd3d750 Thread added: 0x00000193ff59f0a0
Event: 0.072 Thread 0x00000193ecd3d750 Thread added: 0x00000193d4168fe0
Event: 0.079 Thread 0x00000193ecd3d750 Thread added: 0x00000193d416bb30
Event: 0.097 Thread 0x00000193ff59f0a0 Thread added: 0x00000193d41f3730
Event: 0.097 Thread 0x00000193ff59a880 Thread added: 0x00000193d41f9600
Event: 0.137 Thread 0x00000193ecd3d750 Thread added: 0x00000193d42d40c0
Event: 0.577 Thread 0x00000193d42d40c0 Thread added: 0x00000193d4a8be20
Event: 0.579 Thread 0x00000193d41f9600 Thread exited: 0x00000193d41f9600
Event: 0.647 Thread 0x00000193d42d40c0 Thread added: 0x00000193d4b4ddc0
Event: 0.652 Thread 0x00000193d42d40c0 Thread added: 0x00000193d4b56c50


Dynamic libraries:
0x00007ff68a770000 - 0x00007ff68a780000 	C:\Program Files\Java\jdk-23\bin\java.exe
0x00007ffcdf6b0000 - 0x00007ffcdf8c7000 	C:\Windows\SYSTEM32\ntdll.dll
0x00007ffcdf1d0000 - 0x00007ffcdf294000 	C:\Windows\System32\KERNEL32.DLL
0x00007ffcdcd10000 - 0x00007ffcdd0c9000 	C:\Windows\System32\KERNELBASE.dll
0x00007ffcdd210000 - 0x00007ffcdd321000 	C:\Windows\System32\ucrtbase.dll
0x00007ffcd62d0000 - 0x00007ffcd62eb000 	C:\Program Files\Java\jdk-23\bin\VCRUNTIME140.dll
0x00007ffcd62b0000 - 0x00007ffcd62c7000 	C:\Program Files\Java\jdk-23\bin\jli.dll
0x00007ffcdeba0000 - 0x00007ffcded4e000 	C:\Windows\System32\USER32.dll
0x00007ffcc7150000 - 0x00007ffcc73e2000 	C:\Windows\WinSxS\amd64_microsoft.windows.common-controls_6595b64144ccf1df_6.0.22621.4391_none_2715d37f73803e96\COMCTL32.dll
0x00007ffcdcb70000 - 0x00007ffcdcb96000 	C:\Windows\System32\win32u.dll
0x00007ffcdd6e0000 - 0x00007ffcdd787000 	C:\Windows\System32\msvcrt.dll
0x00007ffcdd790000 - 0x00007ffcdd7b9000 	C:\Windows\System32\GDI32.dll
0x00007ffcdc9e0000 - 0x00007ffcdcafb000 	C:\Windows\System32\gdi32full.dll
0x00007ffcdd330000 - 0x00007ffcdd3ca000 	C:\Windows\System32\msvcp_win.dll
0x00007ffcdf630000 - 0x00007ffcdf661000 	C:\Windows\System32\IMM32.DLL
0x00007ffcd6320000 - 0x00007ffcd632c000 	C:\Program Files\Java\jdk-23\bin\vcruntime140_1.dll
0x00007ffccaa50000 - 0x00007ffccaade000 	C:\Program Files\Java\jdk-23\bin\msvcp140.dll
0x00007ffc3dc90000 - 0x00007ffc3e9df000 	C:\Program Files\Java\jdk-23\bin\server\jvm.dll
0x00007ffcdf110000 - 0x00007ffcdf1c2000 	C:\Windows\System32\ADVAPI32.dll
0x00007ffcddd30000 - 0x00007ffcdddd7000 	C:\Windows\System32\sechost.dll
0x00007ffcdc9b0000 - 0x00007ffcdc9d8000 	C:\Windows\System32\bcrypt.dll
0x00007ffcded50000 - 0x00007ffcdee64000 	C:\Windows\System32\RPCRT4.dll
0x00007ffcdee70000 - 0x00007ffcdeee1000 	C:\Windows\System32\WS2_32.dll
0x00007ffcdb800000 - 0x00007ffcdb84d000 	C:\Windows\SYSTEM32\POWRPROF.dll
0x00007ffcd0880000 - 0x00007ffcd088a000 	C:\Windows\SYSTEM32\VERSION.dll
0x00007ffcd6e30000 - 0x00007ffcd6e64000 	C:\Windows\SYSTEM32\WINMM.dll
0x00007ffcdb7e0000 - 0x00007ffcdb7f3000 	C:\Windows\SYSTEM32\UMPDC.dll
0x00007ffcdbaa0000 - 0x00007ffcdbab8000 	C:\Windows\SYSTEM32\kernel.appcore.dll
0x00007ffcd5100000 - 0x00007ffcd510a000 	C:\Program Files\Java\jdk-23\bin\jimage.dll
0x00007ffcda0e0000 - 0x00007ffcda312000 	C:\Windows\SYSTEM32\DBGHELP.DLL
0x00007ffcdd9a0000 - 0x00007ffcddd2f000 	C:\Windows\System32\combase.dll
0x00007ffcdf450000 - 0x00007ffcdf527000 	C:\Windows\System32\OLEAUT32.dll
0x00007ffcc1b40000 - 0x00007ffcc1b72000 	C:\Windows\SYSTEM32\dbgcore.DLL
0x00007ffcdd0d0000 - 0x00007ffcdd14b000 	C:\Windows\System32\bcryptPrimitives.dll
0x00007ffccaa30000 - 0x00007ffccaa4e000 	C:\Program Files\Java\jdk-23\bin\java.dll
0x00007ffcdf2a0000 - 0x00007ffcdf445000 	C:\Windows\System32\ole32.dll
0x00007ffcde310000 - 0x00007ffcdeb86000 	C:\Windows\System32\SHELL32.dll
0x00007ffcda8b0000 - 0x00007ffcdb1b3000 	C:\Windows\SYSTEM32\windows.storage.dll
0x00007ffcda770000 - 0x00007ffcda8af000 	C:\Windows\SYSTEM32\wintypes.dll
0x00007ffcdeef0000 - 0x00007ffcdefe9000 	C:\Windows\System32\SHCORE.dll
0x00007ffcdf0a0000 - 0x00007ffcdf0fe000 	C:\Windows\System32\shlwapi.dll
0x00007ffcdc8e0000 - 0x00007ffcdc90b000 	C:\Windows\SYSTEM32\profapi.dll
0x00007ffcba500000 - 0x00007ffcba5d7000 	C:\Program Files\Java\jdk-23\bin\jsvml.dll
0x00007ffccaa20000 - 0x00007ffccaa30000 	C:\Program Files\Java\jdk-23\bin\net.dll
0x00007ffcdbf10000 - 0x00007ffcdbf79000 	C:\Windows\system32\mswsock.dll
0x00007ffccaa00000 - 0x00007ffccaa16000 	C:\Program Files\Java\jdk-23\bin\nio.dll
0x00007ffcca9e0000 - 0x00007ffcca9f7000 	C:\Program Files\Java\jdk-23\bin\zip.dll
0x00000193d4d80000 - 0x00000193d4d83000 	C:\Users\Ferko\.openjfx\cache\23.0.1+4\amd64\api-ms-win-core-console-l1-1-0.dll
0x00000193d4d90000 - 0x00000193d4d93000 	C:\Users\Ferko\.openjfx\cache\23.0.1+4\amd64\api-ms-win-core-console-l1-2-0.dll
0x00000193d4da0000 - 0x00000193d4da3000 	C:\Users\Ferko\.openjfx\cache\23.0.1+4\amd64\api-ms-win-core-datetime-l1-1-0.dll
0x00000193d4db0000 - 0x00000193d4db3000 	C:\Users\Ferko\.openjfx\cache\23.0.1+4\amd64\api-ms-win-core-debug-l1-1-0.dll
0x00000193d4dc0000 - 0x00000193d4dc3000 	C:\Users\Ferko\.openjfx\cache\23.0.1+4\amd64\api-ms-win-core-errorhandling-l1-1-0.dll
0x00000193d4dd0000 - 0x00000193d4dd4000 	C:\Users\Ferko\.openjfx\cache\23.0.1+4\amd64\api-ms-win-core-file-l1-1-0.dll
0x00000193d4de0000 - 0x00000193d4de3000 	C:\Users\Ferko\.openjfx\cache\23.0.1+4\amd64\api-ms-win-core-file-l1-2-0.dll
0x00000193d4df0000 - 0x00000193d4df3000 	C:\Users\Ferko\.openjfx\cache\23.0.1+4\amd64\api-ms-win-core-file-l2-1-0.dll
0x00000193d4e00000 - 0x00000193d4e03000 	C:\Users\Ferko\.openjfx\cache\23.0.1+4\amd64\api-ms-win-core-handle-l1-1-0.dll
0x00000193d4e10000 - 0x00000193d4e13000 	C:\Users\Ferko\.openjfx\cache\23.0.1+4\amd64\api-ms-win-core-heap-l1-1-0.dll
0x00000193d4e20000 - 0x00000193d4e23000 	C:\Users\Ferko\.openjfx\cache\23.0.1+4\amd64\api-ms-win-core-interlocked-l1-1-0.dll
0x00000193d4e30000 - 0x00000193d4e33000 	C:\Users\Ferko\.openjfx\cache\23.0.1+4\amd64\api-ms-win-core-libraryloader-l1-1-0.dll
0x00000193d4e40000 - 0x00000193d4e43000 	C:\Users\Ferko\.openjfx\cache\23.0.1+4\amd64\api-ms-win-core-localization-l1-2-0.dll
0x00000193d4e50000 - 0x00000193d4e53000 	C:\Users\Ferko\.openjfx\cache\23.0.1+4\amd64\api-ms-win-core-memory-l1-1-0.dll
0x00000193d4e60000 - 0x00000193d4e63000 	C:\Users\Ferko\.openjfx\cache\23.0.1+4\amd64\api-ms-win-core-namedpipe-l1-1-0.dll
0x00000193d4e70000 - 0x00000193d4e73000 	C:\Users\Ferko\.openjfx\cache\23.0.1+4\amd64\api-ms-win-core-processenvironment-l1-1-0.dll
0x00000193d4e80000 - 0x00000193d4e83000 	C:\Users\Ferko\.openjfx\cache\23.0.1+4\amd64\api-ms-win-core-processthreads-l1-1-0.dll
0x00000193d4e90000 - 0x00000193d4e93000 	C:\Users\Ferko\.openjfx\cache\23.0.1+4\amd64\api-ms-win-core-processthreads-l1-1-1.dll
0x00000193d4ea0000 - 0x00000193d4ea3000 	C:\Users\Ferko\.openjfx\cache\23.0.1+4\amd64\api-ms-win-core-profile-l1-1-0.dll
0x00000193d4eb0000 - 0x00000193d4eb3000 	C:\Users\Ferko\.openjfx\cache\23.0.1+4\amd64\api-ms-win-core-rtlsupport-l1-1-0.dll
0x00000193d4ec0000 - 0x00000193d4ec3000 	C:\Users\Ferko\.openjfx\cache\23.0.1+4\amd64\api-ms-win-core-string-l1-1-0.dll
0x00000193d4ed0000 - 0x00000193d4ed3000 	C:\Users\Ferko\.openjfx\cache\23.0.1+4\amd64\api-ms-win-core-synch-l1-1-0.dll
0x00000193d4ee0000 - 0x00000193d4ee3000 	C:\Users\Ferko\.openjfx\cache\23.0.1+4\amd64\api-ms-win-core-synch-l1-2-0.dll
0x00000193d4ef0000 - 0x00000193d4ef3000 	C:\Users\Ferko\.openjfx\cache\23.0.1+4\amd64\api-ms-win-core-sysinfo-l1-1-0.dll
0x00000193d4f00000 - 0x00000193d4f03000 	C:\Users\Ferko\.openjfx\cache\23.0.1+4\amd64\api-ms-win-core-timezone-l1-1-0.dll
0x00000193d4f10000 - 0x00000193d4f13000 	C:\Users\Ferko\.openjfx\cache\23.0.1+4\amd64\api-ms-win-core-util-l1-1-0.dll
0x00000193d4f20000 - 0x00000193d4f23000 	C:\Users\Ferko\.openjfx\cache\23.0.1+4\amd64\api-ms-win-crt-conio-l1-1-0.dll
0x00000193d4f30000 - 0x00000193d4f34000 	C:\Users\Ferko\.openjfx\cache\23.0.1+4\amd64\api-ms-win-crt-convert-l1-1-0.dll
0x00000193d4f40000 - 0x00000193d4f43000 	C:\Users\Ferko\.openjfx\cache\23.0.1+4\amd64\api-ms-win-crt-environment-l1-1-0.dll
0x00000193d4f50000 - 0x00000193d4f53000 	C:\Users\Ferko\.openjfx\cache\23.0.1+4\amd64\api-ms-win-crt-filesystem-l1-1-0.dll
0x00000193d4f60000 - 0x00000193d4f63000 	C:\Users\Ferko\.openjfx\cache\23.0.1+4\amd64\api-ms-win-crt-heap-l1-1-0.dll
0x00000193d4f70000 - 0x00000193d4f73000 	C:\Users\Ferko\.openjfx\cache\23.0.1+4\amd64\api-ms-win-crt-locale-l1-1-0.dll
0x00000193d4f80000 - 0x00000193d4f85000 	C:\Users\Ferko\.openjfx\cache\23.0.1+4\amd64\api-ms-win-crt-math-l1-1-0.dll
0x00000193d4f90000 - 0x00000193d4f95000 	C:\Users\Ferko\.openjfx\cache\23.0.1+4\amd64\api-ms-win-crt-multibyte-l1-1-0.dll
0x00000193d4fa0000 - 0x00000193d4fb0000 	C:\Users\Ferko\.openjfx\cache\23.0.1+4\amd64\api-ms-win-crt-private-l1-1-0.dll
0x00000193d4fb0000 - 0x00000193d4fb3000 	C:\Users\Ferko\.openjfx\cache\23.0.1+4\amd64\api-ms-win-crt-process-l1-1-0.dll
0x00000193d4fc0000 - 0x00000193d4fc4000 	C:\Users\Ferko\.openjfx\cache\23.0.1+4\amd64\api-ms-win-crt-runtime-l1-1-0.dll
0x00000193d4fd0000 - 0x00000193d4fd4000 	C:\Users\Ferko\.openjfx\cache\23.0.1+4\amd64\api-ms-win-crt-stdio-l1-1-0.dll
0x00000193d4fe0000 - 0x00000193d4fe4000 	C:\Users\Ferko\.openjfx\cache\23.0.1+4\amd64\api-ms-win-crt-string-l1-1-0.dll
0x00000193d4ff0000 - 0x00000193d4ff3000 	C:\Users\Ferko\.openjfx\cache\23.0.1+4\amd64\api-ms-win-crt-time-l1-1-0.dll
0x00000193d5000000 - 0x00000193d5003000 	C:\Users\Ferko\.openjfx\cache\23.0.1+4\amd64\api-ms-win-crt-utility-l1-1-0.dll
0x00007ffcb4f70000 - 0x00007ffcb506c000 	C:\Users\Ferko\.openjfx\cache\23.0.1+4\amd64\ucrtbase.dll
0x00007ffcca9c0000 - 0x00007ffcca9da000 	C:\Users\Ferko\.openjfx\cache\23.0.1+4\amd64\vcruntime140.dll
0x00007ffcca9b0000 - 0x00007ffcca9bc000 	C:\Users\Ferko\.openjfx\cache\23.0.1+4\amd64\vcruntime140_1.dll
0x00007ffca4230000 - 0x00007ffca42bd000 	C:\Users\Ferko\.openjfx\cache\23.0.1+4\amd64\msvcp140.dll
0x00007ffcca9a0000 - 0x00007ffcca9a9000 	C:\Users\Ferko\.openjfx\cache\23.0.1+4\amd64\msvcp140_1.dll
0x00007ffcca820000 - 0x00007ffcca84f000 	C:\Users\Ferko\.openjfx\cache\23.0.1+4\amd64\msvcp140_2.dll
0x00007ffcc4250000 - 0x00007ffcc427a000 	C:\Users\Ferko\.openjfx\cache\23.0.1+4\amd64\prism_d3d.dll
0x00007ffcb5130000 - 0x00007ffcb52d8000 	C:\Windows\system32\d3d9.dll
0x00007ffcd9c60000 - 0x00007ffcd9c8b000 	C:\Windows\SYSTEM32\dwmapi.dll
0x00007ffcd9cd0000 - 0x00007ffcd9d07000 	C:\Windows\SYSTEM32\dxcore.dll
0x00007ffcd9a10000 - 0x00007ffcd9ac1000 	C:\Windows\system32\uxtheme.dll
0x00007ffcd0890000 - 0x00007ffcd0a4b000 	C:\Windows\System32\DriverStore\FileRepository\u0383941.inf_amd64_06002aa6e4fd6275\B384029\aticfx64.dll
0x00007ffc9ceb0000 - 0x00007ffc9cee4000 	C:\Windows\System32\DriverStore\FileRepository\u0383941.inf_amd64_06002aa6e4fd6275\B384029\atiu9p64.dll
0x00007ffc88d80000 - 0x00007ffc89ad5000 	C:\Windows\System32\DriverStore\FileRepository\u0383941.inf_amd64_06002aa6e4fd6275\B384029\atiumd64.dll
0x00000000725b0000 - 0x00000000734d7000 	C:\Windows\System32\DriverStore\FileRepository\u0383941.inf_amd64_06002aa6e4fd6275\B384029\atiumd6a.dll
0x00007ffcddde0000 - 0x00007ffcde254000 	C:\Windows\System32\SETUPAPI.dll
0x00007ffcce8d0000 - 0x00007ffcce905000 	C:\Windows\SYSTEM32\amdihk64.dll
0x00007ffcd4880000 - 0x00007ffcd48c9000 	C:\Windows\SYSTEM32\directxdatabasehelper.dll
0x00007ffcc4230000 - 0x00007ffcc4242000 	C:\Users\Ferko\.openjfx\cache\23.0.1+4\amd64\prism_sw.dll
0x00007ffcc0b50000 - 0x00007ffcc0b92000 	C:\Users\Ferko\.openjfx\cache\23.0.1+4\amd64\glass.dll
0x00007ffcdf530000 - 0x00007ffcdf62f000 	C:\Windows\System32\COMDLG32.dll
0x00007ffcdd3d0000 - 0x00007ffcdd530000 	C:\Windows\System32\MSCTF.dll

dbghelp: loaded successfully - version: 4.0.5 - missing functions: none
symbol engine: initialized successfully - sym options: 0x614 - pdb path: .;C:\Program Files\Java\jdk-23\bin;C:\Windows\SYSTEM32;C:\Windows\WinSxS\amd64_microsoft.windows.common-controls_6595b64144ccf1df_6.0.22621.4391_none_2715d37f73803e96;C:\Program Files\Java\jdk-23\bin\server;C:\Users\Ferko\.openjfx\cache\23.0.1+4\amd64;C:\Windows\System32\DriverStore\FileRepository\u0383941.inf_amd64_06002aa6e4fd6275\B384029

VM Arguments:
jvm_args: --add-exports=com.sun.xml.ws/com.sun.xml.ws.assembler=ALL-UNNAMED 
java_command: .\out\artifacts\JavaEloadasBeadando_jar\JavaEloadasBeadando.jar
java_class_path (initial): .\out\artifacts\JavaEloadasBeadando_jar\JavaEloadasBeadando.jar
Launcher Type: SUN_STANDARD

[Global flags]
     intx CICompilerCount                          = 4                                         {product} {ergonomic}
     uint ConcGCThreads                            = 3                                         {product} {ergonomic}
     uint G1ConcRefinementThreads                  = 10                                        {product} {ergonomic}
   size_t G1HeapRegionSize                         = 2097152                                   {product} {ergonomic}
   size_t InitialHeapSize                          = 260046848                                 {product} {ergonomic}
   size_t MarkStackSize                            = 4194304                                   {product} {ergonomic}
   size_t MarkStackSizeMax                         = 536870912                                 {product} {ergonomic}
   size_t MaxHeapSize                              = 4135583744                                {product} {ergonomic}
   size_t MaxNewSize                               = 2480930816                                {product} {ergonomic}
   size_t MinHeapDeltaBytes                        = 2097152                                   {product} {ergonomic}
   size_t MinHeapSize                              = 8388608                                   {product} {ergonomic}
    uintx NonNMethodCodeHeapSize                   = 5832704                                {pd product} {ergonomic}
    uintx NonProfiledCodeHeapSize                  = 122945536                              {pd product} {ergonomic}
    uintx ProfiledCodeHeapSize                     = 122880000                              {pd product} {ergonomic}
    uintx ReservedCodeCacheSize                    = 251658240                              {pd product} {ergonomic}
     bool SegmentedCodeCache                       = true                                      {product} {ergonomic}
   size_t SoftMaxHeapSize                          = 4135583744                             {manageable} {ergonomic}
     bool UseCompressedOops                        = true                           {product lp64_product} {ergonomic}
     bool UseG1GC                                  = true                                      {product} {ergonomic}
     bool UseLargePagesIndividualAllocation        = false                                  {pd product} {ergonomic}

Logging:
Log output configuration:
 #0: stdout all=warning uptime,level,tags foldmultilines=false
 #1: stderr all=off uptime,level,tags foldmultilines=false

Environment Variables:
PATH=C:\Program Files\Common Files\Oracle\Java\javapath;C:\Program Files (x86)\Common Files\Oracle\Java\java8path;C:\Program Files (x86)\Common Files\Oracle\Java\javapath;C:\Python312\Scripts\;C:\Python312\;C:\Windows\system32;C:\Windows;C:\Windows\System32\Wbem;C:\Windows\System32\WindowsPowerShell\v1.0\;C:\Windows\System32\OpenSSH\;C:\Program Files (x86)\Windows Kits\10\Windows Performance Toolkit\;C:\Program Files\Git\cmd;C:\Program Files\Microsoft SQL Server\150\Tools\Binn\;C:\Program Files\Microsoft SQL Server\Client SDK\ODBC\170\Tools\Binn\;C:\Program Files\dotnet\;C:\Program Files\nodejs\;C:\ProgramData\chocolatey\bin;C:\Program Files\Java\jdk-23\bin;C:\Users\Ferko\AppData\Local\Microsoft\WindowsApps;C:\Users\Ferko\.dotnet\tools;C:\Users\Ferko\AppData\Roaming\npm;C:\Users\Ferko\AppData\Local\Programs\Microsoft VS Code\bin
USERNAME=Ferko
OS=Windows_NT
PROCESSOR_IDENTIFIER=AMD64 Family 25 Model 80 Stepping 0, AuthenticAMD
TMP=C:\Users\Ferko\AppData\Local\Temp
TEMP=C:\Users\Ferko\AppData\Local\Temp




Periodic native trim disabled

---------------  S Y S T E M  ---------------

OS:
 Windows 11 , 64 bit Build 22621 (10.0.22621.4391)
OS uptime: 0 days 0:53 hours
Hyper-V role detected

CPU: total 12 (initial active 12) (12 cores per cpu, 2 threads per core) family 25 model 80 stepping 0 microcode 0x0, cx8, cmov, fxsr, ht, mmx, 3dnowpref, sse, sse2, sse3, ssse3, sse4a, sse4.1, sse4.2, popcnt, lzcnt, tsc, tscinvbit, avx, avx2, aes, erms, clmul, bmi1, bmi2, adx, sha, fma, vzeroupper, clflush, clflushopt, hv, rdtscp, rdpid, fsrm, f16c, cet_ss
Processor Information for processor 0
  Max Mhz: 2301, Current Mhz: 1798, Mhz Limit: 2301
Processor Information for processor 1
  Max Mhz: 2301, Current Mhz: 1798, Mhz Limit: 2301
Processor Information for processor 2
  Max Mhz: 2301, Current Mhz: 1798, Mhz Limit: 2301
Processor Information for processor 3
  Max Mhz: 2301, Current Mhz: 1798, Mhz Limit: 2301
Processor Information for processor 4
  Max Mhz: 2301, Current Mhz: 1798, Mhz Limit: 2301
Processor Information for processor 5
  Max Mhz: 2301, Current Mhz: 1798, Mhz Limit: 2301
Processor Information for processor 6
  Max Mhz: 2301, Current Mhz: 1798, Mhz Limit: 2301
Processor Information for processor 7
  Max Mhz: 2301, Current Mhz: 1798, Mhz Limit: 2301
Processor Information for processor 8
  Max Mhz: 2301, Current Mhz: 1798, Mhz Limit: 2301
Processor Information for processor 9
  Max Mhz: 2301, Current Mhz: 2301, Mhz Limit: 2301
Processor Information for processor 10
  Max Mhz: 2301, Current Mhz: 1798, Mhz Limit: 2301
Processor Information for processor 11
  Max Mhz: 2301, Current Mhz: 1798, Mhz Limit: 2301

Memory: 4k page, system-wide physical 15773M (5549M free)
TotalPageFile size 18589M (AvailPageFile size 5204M)
current process WorkingSet (physical memory assigned to process): 73M, peak: 73M
current process commit charge ("private bytes"): 359M, peak: 359M

vm_info: Java HotSpot(TM) 64-Bit Server VM (23.0.1+11-39) for windows-amd64 JRE (23.0.1+11-39), built on 2024-09-30T07:20:43Z with MS VC++ 17.6 (VS2022)

END.
